
=== Query Trace ===

trace on text


=== <Result of SELECT Command in Line 2> ===

              count(*)
======================
                200360

1 row selected. (13.480999 sec) Committed. (0.000000 sec) 

=== Auto Trace ===

Query Plan:
  HASH JOIN (inner join)
    INDEX SCAN (o.pk_orders_o_orderkey) (key range: (o.o_orderkey< ?:0 ), covered: true)
    TABLE SCAN (l)

  rewritten query: select /*+ USE_HASH(o, l) PARALLEL(8) */ count(*) from [dba.orders] o, [dba.lineitem] l where o.o_orderkey=l.l_orderkey and (o.o_orderkey< ?:0 )

Trace Statistics:
  SELECT (time: 13468, fetch: 3047908, fetch_time: 12719, ioread: 761864)
    SCAN (temp time: 14, fetch: 0, ioread: 0, readrows: 200360, rows: 200360)
      HASHJOIN (time: 13427, fetch: 3047908, fetch_time: 12719, ioread: 761864)
        BUILD (time: 71, fetch: 0, ioread: 0, rows: 49999, method: memory)
        PROBE (time: 2038, fetch: 0, ioread: 0, readrows: 59986052, readkeys: 200360, rows: 200360)
              (parallel workers: 8, time: 2032..2038, readrows: 7196260..7639384, readkeys: 18194..29827, rows: 18194..29827)
        SUBQUERY (uncorrelated)
                 (parallel workers: 2, time: 11197, fetch: 3047908, fetch_time: 12719, ioread: 761864)
          SELECT (time: 100, fetch: 244, fetch_time: 1, ioread: 55)
            SCAN (index: dba.orders.pk_orders_o_orderkey), (btree time: 66, fetch: 216, ioread: 53, readkeys: 50000, filteredkeys: 49999, rows: 49999, covered: true)
          SELECT (time: 11197, fetch: 3047664, fetch_time: 12718, ioread: 761809)
            SCAN (table: dba.lineitem), (heap time: 11190, fetch: 3047584, ioread: 761802, readrows: 59986052, rows: 59986052)
                 (parallel workers: 7, heap time: 10666..11189, readrows: 8528145..8577550, rows: 8528145..8577550, gather: mergeable list)

EXIT=0
