Preset CMake variables:

  CMAKE_BUILD_TYPE="RelWithDebInfo"
  CMAKE_EXPORT_COMPILE_COMMANDS="ON"
  WITH_CCI="true"

-- ======== CMakeLists.txt
    ==== with_unit_tests() = 
--   OS = UNIX
--   CMAKE_RUNTIME_OUTPUT_DIRECTORY=/home/cubrid/dev/cubrid-workmem/build_preset_release/bin
-- Get version information from VERSION
-- Build CUBRID 11.5.0.2391-017afa9 64bit RelWithDebInfo on Linux x86_64
Including Third Party Libraries
-- Build with flex and bison library: SYSTEM
-- Build with expat library: EXTERNAL
-- Build with jansson library: EXTERNAL
-- Build with editline library: EXTERNAL
-- Build with openssl library: EXTERNAL
-- Build with unixODBC library: EXTERNAL
-- Build with RE2 library: EXTERNAL
-- Build with LZ4 library: EXTERNAL
-- Build with TBB library: EXTERNAL
CMake Warning (dev) at /usr/share/cmake/Modules/ExternalProject.cmake:3091 (message):
  The DOWNLOAD_EXTRACT_TIMESTAMP option was not given and policy CMP0135 is
  not set.  The policy's OLD behavior will be used.  When using a URL
  download, the timestamps of extracted files should preferably be that of
  the time of extraction, otherwise code that depends on the extracted
  contents might not be rebuilt if the URL changes.  The OLD behavior
  preserves the timestamps from the archive instead, but this is usually not
  what you want.  Update your project to the NEW behavior or specify the
  DOWNLOAD_EXTRACT_TIMESTAMP option with a value of true to avoid this
  robustness issue.
Call Stack (most recent call first):
  /usr/share/cmake/Modules/ExternalProject.cmake:4208 (_ep_add_download_command)
  3rdparty/CMakeLists.txt:187 (externalproject_add)
This warning is for project developers.  Use -Wno-dev to suppress it.

CMake Warning (dev) at /usr/share/cmake/Modules/ExternalProject.cmake:3091 (message):
  The DOWNLOAD_EXTRACT_TIMESTAMP option was not given and policy CMP0135 is
  not set.  The policy's OLD behavior will be used.  When using a URL
  download, the timestamps of extracted files should preferably be that of
  the time of extraction, otherwise code that depends on the extracted
  contents might not be rebuilt if the URL changes.  The OLD behavior
  preserves the timestamps from the archive instead, but this is usually not
  what you want.  Update your project to the NEW behavior or specify the
  DOWNLOAD_EXTRACT_TIMESTAMP option with a value of true to avoid this
  robustness issue.
Call Stack (most recent call first):
  /usr/share/cmake/Modules/ExternalProject.cmake:4208 (_ep_add_download_command)
  3rdparty/CMakeLists.txt:239 (externalproject_add)
This warning is for project developers.  Use -Wno-dev to suppress it.

CMake Warning (dev) at /usr/share/cmake/Modules/ExternalProject.cmake:3091 (message):
  The DOWNLOAD_EXTRACT_TIMESTAMP option was not given and policy CMP0135 is
  not set.  The policy's OLD behavior will be used.  When using a URL
  download, the timestamps of extracted files should preferably be that of
  the time of extraction, otherwise code that depends on the extracted
  contents might not be rebuilt if the URL changes.  The OLD behavior
  preserves the timestamps from the archive instead, but this is usually not
  what you want.  Update your project to the NEW behavior or specify the
  DOWNLOAD_EXTRACT_TIMESTAMP option with a value of true to avoid this
  robustness issue.
Call Stack (most recent call first):
  /usr/share/cmake/Modules/ExternalProject.cmake:4208 (_ep_add_download_command)
  3rdparty/CMakeLists.txt:289 (externalproject_add)
This warning is for project developers.  Use -Wno-dev to suppress it.

CMake Warning (dev) at /usr/share/cmake/Modules/ExternalProject.cmake:3091 (message):
  The DOWNLOAD_EXTRACT_TIMESTAMP option was not given and policy CMP0135 is
  not set.  The policy's OLD behavior will be used.  When using a URL
  download, the timestamps of extracted files should preferably be that of
  the time of extraction, otherwise code that depends on the extracted
  contents might not be rebuilt if the URL changes.  The OLD behavior
  preserves the timestamps from the archive instead, but this is usually not
  what you want.  Update your project to the NEW behavior or specify the
  DOWNLOAD_EXTRACT_TIMESTAMP option with a value of true to avoid this
  robustness issue.
Call Stack (most recent call first):
  /usr/share/cmake/Modules/ExternalProject.cmake:4208 (_ep_add_download_command)
  3rdparty/CMakeLists.txt:332 (externalproject_add)
This warning is for project developers.  Use -Wno-dev to suppress it.

CMake Warning (dev) at /usr/share/cmake/Modules/ExternalProject.cmake:3091 (message):
  The DOWNLOAD_EXTRACT_TIMESTAMP option was not given and policy CMP0135 is
  not set.  The policy's OLD behavior will be used.  When using a URL
  download, the timestamps of extracted files should preferably be that of
  the time of extraction, otherwise code that depends on the extracted
  contents might not be rebuilt if the URL changes.  The OLD behavior
  preserves the timestamps from the archive instead, but this is usually not
  what you want.  Update your project to the NEW behavior or specify the
  DOWNLOAD_EXTRACT_TIMESTAMP option with a value of true to avoid this
  robustness issue.
Call Stack (most recent call first):
  /usr/share/cmake/Modules/ExternalProject.cmake:4208 (_ep_add_download_command)
  3rdparty/CMakeLists.txt:368 (externalproject_add)
This warning is for project developers.  Use -Wno-dev to suppress it.

CMake Warning (dev) at /usr/share/cmake/Modules/ExternalProject.cmake:3091 (message):
  The DOWNLOAD_EXTRACT_TIMESTAMP option was not given and policy CMP0135 is
  not set.  The policy's OLD behavior will be used.  When using a URL
  download, the timestamps of extracted files should preferably be that of
  the time of extraction, otherwise code that depends on the extracted
  contents might not be rebuilt if the URL changes.  The OLD behavior
  preserves the timestamps from the archive instead, but this is usually not
  what you want.  Update your project to the NEW behavior or specify the
  DOWNLOAD_EXTRACT_TIMESTAMP option with a value of true to avoid this
  robustness issue.
Call Stack (most recent call first):
  /usr/share/cmake/Modules/ExternalProject.cmake:4208 (_ep_add_download_command)
  3rdparty/CMakeLists.txt:411 (externalproject_add)
This warning is for project developers.  Use -Wno-dev to suppress it.

CMake Warning (dev) at /usr/share/cmake/Modules/ExternalProject.cmake:3091 (message):
  The DOWNLOAD_EXTRACT_TIMESTAMP option was not given and policy CMP0135 is
  not set.  The policy's OLD behavior will be used.  When using a URL
  download, the timestamps of extracted files should preferably be that of
  the time of extraction, otherwise code that depends on the extracted
  contents might not be rebuilt if the URL changes.  The OLD behavior
  preserves the timestamps from the archive instead, but this is usually not
  what you want.  Update your project to the NEW behavior or specify the
  DOWNLOAD_EXTRACT_TIMESTAMP option with a value of true to avoid this
  robustness issue.
Call Stack (most recent call first):
  /usr/share/cmake/Modules/ExternalProject.cmake:4208 (_ep_add_download_command)
  3rdparty/CMakeLists.txt:437 (externalproject_add)
This warning is for project developers.  Use -Wno-dev to suppress it.

CMake Warning (dev) at /usr/share/cmake/Modules/ExternalProject.cmake:3091 (message):
  The DOWNLOAD_EXTRACT_TIMESTAMP option was not given and policy CMP0135 is
  not set.  The policy's OLD behavior will be used.  When using a URL
  download, the timestamps of extracted files should preferably be that of
  the time of extraction, otherwise code that depends on the extracted
  contents might not be rebuilt if the URL changes.  The OLD behavior
  preserves the timestamps from the archive instead, but this is usually not
  what you want.  Update your project to the NEW behavior or specify the
  DOWNLOAD_EXTRACT_TIMESTAMP option with a value of true to avoid this
  robustness issue.
Call Stack (most recent call first):
  /usr/share/cmake/Modules/ExternalProject.cmake:4208 (_ep_add_download_command)
  3rdparty/CMakeLists.txt:466 (externalproject_add)
This warning is for project developers.  Use -Wno-dev to suppress it.

CMake Warning (dev) at /usr/share/cmake/Modules/ExternalProject.cmake:3091 (message):
  The DOWNLOAD_EXTRACT_TIMESTAMP option was not given and policy CMP0135 is
  not set.  The policy's OLD behavior will be used.  When using a URL
  download, the timestamps of extracted files should preferably be that of
  the time of extraction, otherwise code that depends on the extracted
  contents might not be rebuilt if the URL changes.  The OLD behavior
  preserves the timestamps from the archive instead, but this is usually not
  what you want.  Update your project to the NEW behavior or specify the
  DOWNLOAD_EXTRACT_TIMESTAMP option with a value of true to avoid this
  robustness issue.
Call Stack (most recent call first):
  /usr/share/cmake/Modules/ExternalProject.cmake:4208 (_ep_add_download_command)
  3rdparty/CMakeLists.txt:505 (externalproject_add)
This warning is for project developers.  Use -Wno-dev to suppress it.

-- Default install prefix: /home/cubrid/release/CUBRID-11.5.develop
-- JAVA_HOME: /home/cubrid/dev/cubrid-workmem/build_preset_release/vm/jdk8
-- Found Java: /usr/lib/jvm/java-1.8.0-openjdk/bin/java
-- Found JNI: /usr/lib/jvm/java/include;/usr/lib/jvm/java/include/linux;/usr/lib/jvm/java/include
-- ======== WITH_CCI ==========
-- Get version information from /home/cubrid/dev/cubrid-workmem/cubrid-cci/BUILD_NUMBER
-- CCI_BUILD_NUMBER:[11.2.0.0037-ef5470f]
-- Building CGW libraries.
CMake Warning (dev) at cm_common/CMakeLists.txt:104 (install):
  Target cmstat has PUBLIC_HEADER files but no PUBLIC_HEADER DESTINATION.
This warning is for project developers.  Use -Wno-dev to suppress it.

CMake Warning (dev) at cm_common/CMakeLists.txt:104 (install):
  Target cmdep has PUBLIC_HEADER files but no PUBLIC_HEADER DESTINATION.
This warning is for project developers.  Use -Wno-dev to suppress it.

-- .. timezone shared library
-- .... gen_timezone executable
-- ...... source files: /home/cubrid/dev/cubrid-workmem/src/executables/generate_timezone.cpp
-- .... generate timezone command
-- .... cubrid_timezones lib
-- Get version information CCI_VERSION: 11.2.0.0037-ef5470f
-- Configuring done (0.4s)
-- Generating done (0.1s)
-- Build files have been written to: /home/cubrid/dev/cubrid-workmem/build_preset_release
[1/228] Running utility command for pl_install_jdk
[INFO] Install JDK 8
[2/228] Building CXX object sa/CMakeFiles/cubridsa.dir/__/src/sp/pl_query_cursor.cpp.o
FAILED: sa/CMakeFiles/cubridsa.dir/__/src/sp/pl_query_cursor.cpp.o 
/usr/lib64/ccache/c++ -DCUBRID_EXPORTING -DGCC -DI386 -DLINUX -DMAXPATHLEN=1024 -DSA_MODE -DSYSV -DX86 -D_FILE_OFFSET_BITS=64 -D_GNU_SOURCE -D_LARGEFILE64_SOURCE -D_REENTRANT -Dcubridsa_EXPORTS -I/home/cubrid/dev/cubrid-workmem/build_preset_release -I/home/cubrid/dev/cubrid-workmem/include -I/home/cubrid/dev/cubrid-workmem/src/api -I/home/cubrid/dev/cubrid-workmem/src/base -I/home/cubrid/dev/cubrid-workmem/src/broker -I/home/cubrid/dev/cubrid-workmem/src/communication -I/home/cubrid/dev/cubrid-workmem/src/compat -I/home/cubrid/dev/cubrid-workmem/src/connection -I/home/cubrid/dev/cubrid-workmem/src/debugging -I/home/cubrid/dev/cubrid-workmem/src/executables -I/home/cubrid/dev/cubrid-workmem/src/heaplayers -I/home/cubrid/dev/cubrid-workmem/src/sp -I/home/cubrid/dev/cubrid-workmem/src/loaddb -I/home/cubrid/dev/cubrid-workmem/src/method -I/home/cubrid/dev/cubrid-workmem/src/monitor -I/home/cubrid/dev/cubrid-workmem/src/object -I/home/cubrid/dev/cubrid-workmem/src/optimizer -I/home/cubrid/dev/cubrid-workmem/src/optimizer/histogram -I/home/cubrid/dev/cubrid-workmem/src/parser -I/home/cubrid/dev/cubrid-workmem/src/replication -I/home/cubrid/dev/cubrid-workmem/src/query -I/home/cubrid/dev/cubrid-workmem/src/session -I/home/cubrid/dev/cubrid-workmem/src/storage -I/home/cubrid/dev/cubrid-workmem/src/thread -I/home/cubrid/dev/cubrid-workmem/src/transaction -I/home/cubrid/dev/cubrid-workmem/src/xasl -I/home/cubrid/dev/cubrid-workmem/src/query/parallel/px_hash_join -I/home/cubrid/dev/cubrid-workmem/src/query/parallel/px_scan -I/home/cubrid/dev/cubrid-workmem/src/query/parallel/px_scan/index -I/home/cubrid/dev/cubrid-workmem/src/query/parallel -I/home/cubrid/dev/cubrid-workmem/src/query/parallel/px_query_execute -I/home/cubrid/dev/cubrid-workmem/cubrid-cci/src/cci -I/home/cubrid/dev/cubrid-workmem/cubrid-cci/src/tools -I/home/cubrid/dev/cubrid-workmem/build_preset_release/3rdparty/include/expat -I/home/cubrid/dev/cubrid-workmem/build_preset_release/3rdparty/include/jansson -I/home/cubrid/dev/cubrid-workmem/build_preset_release/3rdparty/include -I/home/cubrid/dev/cubrid-workmem/build_preset_release/3rdparty/Source/lz4/lib -I/home/cubrid/dev/cubrid-workmem/build_preset_release/3rdparty/Source/rapidjson/include -I/home/cubrid/dev/cubrid-workmem/build_preset_release/3rdparty/Source/re2 -x c++  -Wall -Werror -Wwrite-strings  -Wredundant-decls -Wclobbered -Wextra -Wno-unused -Wno-unused-parameter -pthread -O2 -g -DNDEBUG -O2 -DNDEBUG -finline-functions -ggdb -fno-omit-frame-pointer -std=c++17 -fPIC -MD -MT sa/CMakeFiles/cubridsa.dir/__/src/sp/pl_query_cursor.cpp.o -MF sa/CMakeFiles/cubridsa.dir/__/src/sp/pl_query_cursor.cpp.o.d -o sa/CMakeFiles/cubridsa.dir/__/src/sp/pl_query_cursor.cpp.o -c /home/cubrid/dev/cubrid-workmem/src/sp/pl_query_cursor.cpp
In file included from /home/cubrid/dev/cubrid-workmem/src/query/xasl.h:34,
                 from /home/cubrid/dev/cubrid-workmem/src/query/xasl_cache.h:32,
                 from /home/cubrid/dev/cubrid-workmem/src/query/list_file.h:44,
                 from /home/cubrid/dev/cubrid-workmem/src/query/query_manager.h:35,
                 from /home/cubrid/dev/cubrid-workmem/src/sp/pl_query_cursor.hpp:32,
                 from /home/cubrid/dev/cubrid-workmem/src/sp/pl_query_cursor.cpp:19:
/home/cubrid/dev/cubrid-workmem/src/query/query_hash_join.h: In constructor ‘hashjoin_shared_probe_info::hashjoin_shared_probe_info()’:
/home/cubrid/dev/cubrid-workmem/src/query/query_hash_join.h:333:29: error: ‘hashjoin_shared_probe_info::new_dist’ will be initialized after [-Werror=reorder]
   qfile::chunk_distributor *new_dist;
                             ^~~~~~~~
/home/cubrid/dev/cubrid-workmem/src/query/query_hash_join.h:325:14: error:   ‘std::mutex hashjoin_shared_probe_info::stats_mutex’ [-Werror=reorder]
   std::mutex stats_mutex;
              ^~~~~~~~~~~
/home/cubrid/dev/cubrid-workmem/src/query/query_hash_join.h:335:3: error:   when initialized here [-Werror=reorder]
   hashjoin_shared_probe_info ()
   ^~~~~~~~~~~~~~~~~~~~~~~~~~
cc1plus: all warnings being treated as errors
[3/228] Building CXX object sa/CMakeFiles/cubridsa.dir/__/src/sp/method_invoke_group.cpp.o
FAILED: sa/CMakeFiles/cubridsa.dir/__/src/sp/method_invoke_group.cpp.o 
/usr/lib64/ccache/c++ -DCUBRID_EXPORTING -DGCC -DI386 -DLINUX -DMAXPATHLEN=1024 -DSA_MODE -DSYSV -DX86 -D_FILE_OFFSET_BITS=64 -D_GNU_SOURCE -D_LARGEFILE64_SOURCE -D_REENTRANT -Dcubridsa_EXPORTS -I/home/cubrid/dev/cubrid-workmem/build_preset_release -I/home/cubrid/dev/cubrid-workmem/include -I/home/cubrid/dev/cubrid-workmem/src/api -I/home/cubrid/dev/cubrid-workmem/src/base -I/home/cubrid/dev/cubrid-workmem/src/broker -I/home/cubrid/dev/cubrid-workmem/src/communication -I/home/cubrid/dev/cubrid-workmem/src/compat -I/home/cubrid/dev/cubrid-workmem/src/connection -I/home/cubrid/dev/cubrid-workmem/src/debugging -I/home/cubrid/dev/cubrid-workmem/src/executables -I/home/cubrid/dev/cubrid-workmem/src/heaplayers -I/home/cubrid/dev/cubrid-workmem/src/sp -I/home/cubrid/dev/cubrid-workmem/src/loaddb -I/home/cubrid/dev/cubrid-workmem/src/method -I/home/cubrid/dev/cubrid-workmem/src/monitor -I/home/cubrid/dev/cubrid-workmem/src/object -I/home/cubrid/dev/cubrid-workmem/src/optimizer -I/home/cubrid/dev/cubrid-workmem/src/optimizer/histogram -I/home/cubrid/dev/cubrid-workmem/src/parser -I/home/cubrid/dev/cubrid-workmem/src/replication -I/home/cubrid/dev/cubrid-workmem/src/query -I/home/cubrid/dev/cubrid-workmem/src/session -I/home/cubrid/dev/cubrid-workmem/src/storage -I/home/cubrid/dev/cubrid-workmem/src/thread -I/home/cubrid/dev/cubrid-workmem/src/transaction -I/home/cubrid/dev/cubrid-workmem/src/xasl -I/home/cubrid/dev/cubrid-workmem/src/query/parallel/px_hash_join -I/home/cubrid/dev/cubrid-workmem/src/query/parallel/px_scan -I/home/cubrid/dev/cubrid-workmem/src/query/parallel/px_scan/index -I/home/cubrid/dev/cubrid-workmem/src/query/parallel -I/home/cubrid/dev/cubrid-workmem/src/query/parallel/px_query_execute -I/home/cubrid/dev/cubrid-workmem/cubrid-cci/src/cci -I/home/cubrid/dev/cubrid-workmem/cubrid-cci/src/tools -I/home/cubrid/dev/cubrid-workmem/build_preset_release/3rdparty/include/expat -I/home/cubrid/dev/cubrid-workmem/build_preset_release/3rdparty/include/jansson -I/home/cubrid/dev/cubrid-workmem/build_preset_release/3rdparty/include -I/home/cubrid/dev/cubrid-workmem/build_preset_release/3rdparty/Source/lz4/lib -I/home/cubrid/dev/cubrid-workmem/build_preset_release/3rdparty/Source/rapidjson/include -I/home/cubrid/dev/cubrid-workmem/build_preset_release/3rdparty/Source/re2 -x c++  -Wall -Werror -Wwrite-strings  -Wredundant-decls -Wclobbered -Wextra -Wno-unused -Wno-unused-parameter -pthread -O2 -g -DNDEBUG -O2 -DNDEBUG -finline-functions -ggdb -fno-omit-frame-pointer -std=c++17 -fPIC -MD -MT sa/CMakeFiles/cubridsa.dir/__/src/sp/method_invoke_group.cpp.o -MF sa/CMakeFiles/cubridsa.dir/__/src/sp/method_invoke_group.cpp.o.d -o sa/CMakeFiles/cubridsa.dir/__/src/sp/method_invoke_group.cpp.o -c /home/cubrid/dev/cubrid-workmem/src/sp/method_invoke_group.cpp
In file included from /home/cubrid/dev/cubrid-workmem/src/query/xasl.h:34,
                 from /home/cubrid/dev/cubrid-workmem/src/query/xasl_cache.h:32,
                 from /home/cubrid/dev/cubrid-workmem/src/query/list_file.h:44,
                 from /home/cubrid/dev/cubrid-workmem/src/query/query_manager.h:35,
                 from /home/cubrid/dev/cubrid-workmem/src/session/session.h:32,
                 from /home/cubrid/dev/cubrid-workmem/src/sp/method_invoke_group.cpp:32:
/home/cubrid/dev/cubrid-workmem/src/query/query_hash_join.h: In constructor ‘hashjoin_shared_probe_info::hashjoin_shared_probe_info()’:
/home/cubrid/dev/cubrid-workmem/src/query/query_hash_join.h:333:29: error: ‘hashjoin_shared_probe_info::new_dist’ will be initialized after [-Werror=reorder]
   qfile::chunk_distributor *new_dist;
                             ^~~~~~~~
/home/cubrid/dev/cubrid-workmem/src/query/query_hash_join.h:325:14: error:   ‘std::mutex hashjoin_shared_probe_info::stats_mutex’ [-Werror=reorder]
   std::mutex stats_mutex;
              ^~~~~~~~~~~
/home/cubrid/dev/cubrid-workmem/src/query/query_hash_join.h:335:3: error:   when initialized here [-Werror=reorder]
   hashjoin_shared_probe_info ()
   ^~~~~~~~~~~~~~~~~~~~~~~~~~
cc1plus: all warnings being treated as errors
[4/228] Building CXX object sa/CMakeFiles/cubridsa.dir/__/src/query/parallel/px_scan/px_scan_checker.cpp.o
FAILED: sa/CMakeFiles/cubridsa.dir/__/src/query/parallel/px_scan/px_scan_checker.cpp.o 
/usr/lib64/ccache/c++ -DCUBRID_EXPORTING -DGCC -DI386 -DLINUX -DMAXPATHLEN=1024 -DSA_MODE -DSYSV -DX86 -D_FILE_OFFSET_BITS=64 -D_GNU_SOURCE -D_LARGEFILE64_SOURCE -D_REENTRANT -Dcubridsa_EXPORTS -I/home/cubrid/dev/cubrid-workmem/build_preset_release -I/home/cubrid/dev/cubrid-workmem/include -I/home/cubrid/dev/cubrid-workmem/src/api -I/home/cubrid/dev/cubrid-workmem/src/base -I/home/cubrid/dev/cubrid-workmem/src/broker -I/home/cubrid/dev/cubrid-workmem/src/communication -I/home/cubrid/dev/cubrid-workmem/src/compat -I/home/cubrid/dev/cubrid-workmem/src/connection -I/home/cubrid/dev/cubrid-workmem/src/debugging -I/home/cubrid/dev/cubrid-workmem/src/executables -I/home/cubrid/dev/cubrid-workmem/src/heaplayers -I/home/cubrid/dev/cubrid-workmem/src/sp -I/home/cubrid/dev/cubrid-workmem/src/loaddb -I/home/cubrid/dev/cubrid-workmem/src/method -I/home/cubrid/dev/cubrid-workmem/src/monitor -I/home/cubrid/dev/cubrid-workmem/src/object -I/home/cubrid/dev/cubrid-workmem/src/optimizer -I/home/cubrid/dev/cubrid-workmem/src/optimizer/histogram -I/home/cubrid/dev/cubrid-workmem/src/parser -I/home/cubrid/dev/cubrid-workmem/src/replication -I/home/cubrid/dev/cubrid-workmem/src/query -I/home/cubrid/dev/cubrid-workmem/src/session -I/home/cubrid/dev/cubrid-workmem/src/storage -I/home/cubrid/dev/cubrid-workmem/src/thread -I/home/cubrid/dev/cubrid-workmem/src/transaction -I/home/cubrid/dev/cubrid-workmem/src/xasl -I/home/cubrid/dev/cubrid-workmem/src/query/parallel/px_hash_join -I/home/cubrid/dev/cubrid-workmem/src/query/parallel/px_scan -I/home/cubrid/dev/cubrid-workmem/src/query/parallel/px_scan/index -I/home/cubrid/dev/cubrid-workmem/src/query/parallel -I/home/cubrid/dev/cubrid-workmem/src/query/parallel/px_query_execute -I/home/cubrid/dev/cubrid-workmem/cubrid-cci/src/cci -I/home/cubrid/dev/cubrid-workmem/cubrid-cci/src/tools -I/home/cubrid/dev/cubrid-workmem/build_preset_release/3rdparty/include/expat -I/home/cubrid/dev/cubrid-workmem/build_preset_release/3rdparty/include/jansson -I/home/cubrid/dev/cubrid-workmem/build_preset_release/3rdparty/include -I/home/cubrid/dev/cubrid-workmem/build_preset_release/3rdparty/Source/lz4/lib -I/home/cubrid/dev/cubrid-workmem/build_preset_release/3rdparty/Source/rapidjson/include -I/home/cubrid/dev/cubrid-workmem/build_preset_release/3rdparty/Source/re2 -x c++  -Wall -Werror -Wwrite-strings  -Wredundant-decls -Wclobbered -Wextra -Wno-unused -Wno-unused-parameter -pthread -O2 -g -DNDEBUG -O2 -DNDEBUG -finline-functions -ggdb -fno-omit-frame-pointer -std=c++17 -fPIC -MD -MT sa/CMakeFiles/cubridsa.dir/__/src/query/parallel/px_scan/px_scan_checker.cpp.o -MF sa/CMakeFiles/cubridsa.dir/__/src/query/parallel/px_scan/px_scan_checker.cpp.o.d -o sa/CMakeFiles/cubridsa.dir/__/src/query/parallel/px_scan/px_scan_checker.cpp.o -c /home/cubrid/dev/cubrid-workmem/src/query/parallel/px_scan/px_scan_checker.cpp
In file included from /home/cubrid/dev/cubrid-workmem/src/query/xasl.h:34,
                 from /home/cubrid/dev/cubrid-workmem/src/query/parallel/px_scan/px_scan_checker.hpp:25,
                 from /home/cubrid/dev/cubrid-workmem/src/query/parallel/px_scan/px_scan_checker.cpp:23:
/home/cubrid/dev/cubrid-workmem/src/query/query_hash_join.h: In constructor ‘hashjoin_shared_probe_info::hashjoin_shared_probe_info()’:
/home/cubrid/dev/cubrid-workmem/src/query/query_hash_join.h:333:29: error: ‘hashjoin_shared_probe_info::new_dist’ will be initialized after [-Werror=reorder]
   qfile::chunk_distributor *new_dist;
                             ^~~~~~~~
/home/cubrid/dev/cubrid-workmem/src/query/query_hash_join.h:325:14: error:   ‘std::mutex hashjoin_shared_probe_info::stats_mutex’ [-Werror=reorder]
   std::mutex stats_mutex;
              ^~~~~~~~~~~
/home/cubrid/dev/cubrid-workmem/src/query/query_hash_join.h:335:3: error:   when initialized here [-Werror=reorder]
   hashjoin_shared_probe_info ()
   ^~~~~~~~~~~~~~~~~~~~~~~~~~
cc1plus: all warnings being treated as errors
[5/228] Building CXX object sa/CMakeFiles/cubridsa.dir/__/src/compat/db_query.c.o
FAILED: sa/CMakeFiles/cubridsa.dir/__/src/compat/db_query.c.o 
/usr/lib64/ccache/c++ -DCUBRID_EXPORTING -DGCC -DI386 -DLINUX -DMAXPATHLEN=1024 -DSA_MODE -DSYSV -DX86 -D_FILE_OFFSET_BITS=64 -D_GNU_SOURCE -D_LARGEFILE64_SOURCE -D_REENTRANT -Dcubridsa_EXPORTS -I/home/cubrid/dev/cubrid-workmem/build_preset_release -I/home/cubrid/dev/cubrid-workmem/include -I/home/cubrid/dev/cubrid-workmem/src/api -I/home/cubrid/dev/cubrid-workmem/src/base -I/home/cubrid/dev/cubrid-workmem/src/broker -I/home/cubrid/dev/cubrid-workmem/src/communication -I/home/cubrid/dev/cubrid-workmem/src/compat -I/home/cubrid/dev/cubrid-workmem/src/connection -I/home/cubrid/dev/cubrid-workmem/src/debugging -I/home/cubrid/dev/cubrid-workmem/src/executables -I/home/cubrid/dev/cubrid-workmem/src/heaplayers -I/home/cubrid/dev/cubrid-workmem/src/sp -I/home/cubrid/dev/cubrid-workmem/src/loaddb -I/home/cubrid/dev/cubrid-workmem/src/method -I/home/cubrid/dev/cubrid-workmem/src/monitor -I/home/cubrid/dev/cubrid-workmem/src/object -I/home/cubrid/dev/cubrid-workmem/src/optimizer -I/home/cubrid/dev/cubrid-workmem/src/optimizer/histogram -I/home/cubrid/dev/cubrid-workmem/src/parser -I/home/cubrid/dev/cubrid-workmem/src/replication -I/home/cubrid/dev/cubrid-workmem/src/query -I/home/cubrid/dev/cubrid-workmem/src/session -I/home/cubrid/dev/cubrid-workmem/src/storage -I/home/cubrid/dev/cubrid-workmem/src/thread -I/home/cubrid/dev/cubrid-workmem/src/transaction -I/home/cubrid/dev/cubrid-workmem/src/xasl -I/home/cubrid/dev/cubrid-workmem/src/query/parallel/px_hash_join -I/home/cubrid/dev/cubrid-workmem/src/query/parallel/px_scan -I/home/cubrid/dev/cubrid-workmem/src/query/parallel/px_scan/index -I/home/cubrid/dev/cubrid-workmem/src/query/parallel -I/home/cubrid/dev/cubrid-workmem/src/query/parallel/px_query_execute -I/home/cubrid/dev/cubrid-workmem/cubrid-cci/src/cci -I/home/cubrid/dev/cubrid-workmem/cubrid-cci/src/tools -I/home/cubrid/dev/cubrid-workmem/build_preset_release/3rdparty/include/expat -I/home/cubrid/dev/cubrid-workmem/build_preset_release/3rdparty/include/jansson -I/home/cubrid/dev/cubrid-workmem/build_preset_release/3rdparty/include -I/home/cubrid/dev/cubrid-workmem/build_preset_release/3rdparty/Source/lz4/lib -I/home/cubrid/dev/cubrid-workmem/build_preset_release/3rdparty/Source/rapidjson/include -I/home/cubrid/dev/cubrid-workmem/build_preset_release/3rdparty/Source/re2 -x c++  -Wall -Werror -Wwrite-strings  -Wredundant-decls -Wclobbered -Wextra -Wno-unused -Wno-unused-parameter -pthread -O2 -g -DNDEBUG -O2 -DNDEBUG -finline-functions -ggdb -fno-omit-frame-pointer -std=c++17 -fPIC -MD -MT sa/CMakeFiles/cubridsa.dir/__/src/compat/db_query.c.o -MF sa/CMakeFiles/cubridsa.dir/__/src/compat/db_query.c.o.d -o sa/CMakeFiles/cubridsa.dir/__/src/compat/db_query.c.o -c /home/cubrid/dev/cubrid-workmem/src/compat/db_query.c
In file included from /home/cubrid/dev/cubrid-workmem/src/query/xasl.h:34,
                 from /home/cubrid/dev/cubrid-workmem/src/parser/xasl_generation.h:38,
                 from /home/cubrid/dev/cubrid-workmem/src/compat/db_query.c:41:
/home/cubrid/dev/cubrid-workmem/src/query/query_hash_join.h: In constructor ‘hashjoin_shared_probe_info::hashjoin_shared_probe_info()’:
/home/cubrid/dev/cubrid-workmem/src/query/query_hash_join.h:333:29: error: ‘hashjoin_shared_probe_info::new_dist’ will be initialized after [-Werror=reorder]
   qfile::chunk_distributor *new_dist;
                             ^~~~~~~~
/home/cubrid/dev/cubrid-workmem/src/query/query_hash_join.h:325:14: error:   ‘std::mutex hashjoin_shared_probe_info::stats_mutex’ [-Werror=reorder]
   std::mutex stats_mutex;
              ^~~~~~~~~~~
/home/cubrid/dev/cubrid-workmem/src/query/query_hash_join.h:335:3: error:   when initialized here [-Werror=reorder]
   hashjoin_shared_probe_info ()
   ^~~~~~~~~~~~~~~~~~~~~~~~~~
cc1plus: all warnings being treated as errors
[6/228] Building CXX object sa/CMakeFiles/cubridsa.dir/__/src/sp/pl_execution_stack_context.cpp.o
FAILED: sa/CMakeFiles/cubridsa.dir/__/src/sp/pl_execution_stack_context.cpp.o 
/usr/lib64/ccache/c++ -DCUBRID_EXPORTING -DGCC -DI386 -DLINUX -DMAXPATHLEN=1024 -DSA_MODE -DSYSV -DX86 -D_FILE_OFFSET_BITS=64 -D_GNU_SOURCE -D_LARGEFILE64_SOURCE -D_REENTRANT -Dcubridsa_EXPORTS -I/home/cubrid/dev/cubrid-workmem/build_preset_release -I/home/cubrid/dev/cubrid-workmem/include -I/home/cubrid/dev/cubrid-workmem/src/api -I/home/cubrid/dev/cubrid-workmem/src/base -I/home/cubrid/dev/cubrid-workmem/src/broker -I/home/cubrid/dev/cubrid-workmem/src/communication -I/home/cubrid/dev/cubrid-workmem/src/compat -I/home/cubrid/dev/cubrid-workmem/src/connection -I/home/cubrid/dev/cubrid-workmem/src/debugging -I/home/cubrid/dev/cubrid-workmem/src/executables -I/home/cubrid/dev/cubrid-workmem/src/heaplayers -I/home/cubrid/dev/cubrid-workmem/src/sp -I/home/cubrid/dev/cubrid-workmem/src/loaddb -I/home/cubrid/dev/cubrid-workmem/src/method -I/home/cubrid/dev/cubrid-workmem/src/monitor -I/home/cubrid/dev/cubrid-workmem/src/object -I/home/cubrid/dev/cubrid-workmem/src/optimizer -I/home/cubrid/dev/cubrid-workmem/src/optimizer/histogram -I/home/cubrid/dev/cubrid-workmem/src/parser -I/home/cubrid/dev/cubrid-workmem/src/replication -I/home/cubrid/dev/cubrid-workmem/src/query -I/home/cubrid/dev/cubrid-workmem/src/session -I/home/cubrid/dev/cubrid-workmem/src/storage -I/home/cubrid/dev/cubrid-workmem/src/thread -I/home/cubrid/dev/cubrid-workmem/src/transaction -I/home/cubrid/dev/cubrid-workmem/src/xasl -I/home/cubrid/dev/cubrid-workmem/src/query/parallel/px_hash_join -I/home/cubrid/dev/cubrid-workmem/src/query/parallel/px_scan -I/home/cubrid/dev/cubrid-workmem/src/query/parallel/px_scan/index -I/home/cubrid/dev/cubrid-workmem/src/query/parallel -I/home/cubrid/dev/cubrid-workmem/src/query/parallel/px_query_execute -I/home/cubrid/dev/cubrid-workmem/cubrid-cci/src/cci -I/home/cubrid/dev/cubrid-workmem/cubrid-cci/src/tools -I/home/cubrid/dev/cubrid-workmem/build_preset_release/3rdparty/include/expat -I/home/cubrid/dev/cubrid-workmem/build_preset_release/3rdparty/include/jansson -I/home/cubrid/dev/cubrid-workmem/build_preset_release/3rdparty/include -I/home/cubrid/dev/cubrid-workmem/build_preset_release/3rdparty/Source/lz4/lib -I/home/cubrid/dev/cubrid-workmem/build_preset_release/3rdparty/Source/rapidjson/include -I/home/cubrid/dev/cubrid-workmem/build_preset_release/3rdparty/Source/re2 -x c++  -Wall -Werror -Wwrite-strings  -Wredundant-decls -Wclobbered -Wextra -Wno-unused -Wno-unused-parameter -pthread -O2 -g -DNDEBUG -O2 -DNDEBUG -finline-functions -ggdb -fno-omit-frame-pointer -std=c++17 -fPIC -MD -MT sa/CMakeFiles/cubridsa.dir/__/src/sp/pl_execution_stack_context.cpp.o -MF sa/CMakeFiles/cubridsa.dir/__/src/sp/pl_execution_stack_context.cpp.o.d -o sa/CMakeFiles/cubridsa.dir/__/src/sp/pl_execution_stack_context.cpp.o -c /home/cubrid/dev/cubrid-workmem/src/sp/pl_execution_stack_context.cpp
In file included from /home/cubrid/dev/cubrid-workmem/src/query/xasl.h:34,
                 from /home/cubrid/dev/cubrid-workmem/src/query/xasl_cache.h:32,
                 from /home/cubrid/dev/cubrid-workmem/src/query/list_file.h:44,
                 from /home/cubrid/dev/cubrid-workmem/src/query/query_manager.h:35,
                 from /home/cubrid/dev/cubrid-workmem/src/session/session.h:32,
                 from /home/cubrid/dev/cubrid-workmem/src/sp/pl_execution_stack_context.cpp:21:
/home/cubrid/dev/cubrid-workmem/src/query/query_hash_join.h: In constructor ‘hashjoin_shared_probe_info::hashjoin_shared_probe_info()’:
/home/cubrid/dev/cubrid-workmem/src/query/query_hash_join.h:333:29: error: ‘hashjoin_shared_probe_info::new_dist’ will be initialized after [-Werror=reorder]
   qfile::chunk_distributor *new_dist;
                             ^~~~~~~~
/home/cubrid/dev/cubrid-workmem/src/query/query_hash_join.h:325:14: error:   ‘std::mutex hashjoin_shared_probe_info::stats_mutex’ [-Werror=reorder]
   std::mutex stats_mutex;
              ^~~~~~~~~~~
/home/cubrid/dev/cubrid-workmem/src/query/query_hash_join.h:335:3: error:   when initialized here [-Werror=reorder]
   hashjoin_shared_probe_info ()
   ^~~~~~~~~~~~~~~~~~~~~~~~~~
cc1plus: all warnings being treated as errors
[7/228] Building CXX object sa/CMakeFiles/cubridsa.dir/__/src/executables/util_cs.c.o
FAILED: sa/CMakeFiles/cubridsa.dir/__/src/executables/util_cs.c.o 
/usr/lib64/ccache/c++ -DCUBRID_EXPORTING -DGCC -DI386 -DLINUX -DMAXPATHLEN=1024 -DSA_MODE -DSYSV -DX86 -D_FILE_OFFSET_BITS=64 -D_GNU_SOURCE -D_LARGEFILE64_SOURCE -D_REENTRANT -Dcubridsa_EXPORTS -I/home/cubrid/dev/cubrid-workmem/build_preset_release -I/home/cubrid/dev/cubrid-workmem/include -I/home/cubrid/dev/cubrid-workmem/src/api -I/home/cubrid/dev/cubrid-workmem/src/base -I/home/cubrid/dev/cubrid-workmem/src/broker -I/home/cubrid/dev/cubrid-workmem/src/communication -I/home/cubrid/dev/cubrid-workmem/src/compat -I/home/cubrid/dev/cubrid-workmem/src/connection -I/home/cubrid/dev/cubrid-workmem/src/debugging -I/home/cubrid/dev/cubrid-workmem/src/executables -I/home/cubrid/dev/cubrid-workmem/src/heaplayers -I/home/cubrid/dev/cubrid-workmem/src/sp -I/home/cubrid/dev/cubrid-workmem/src/loaddb -I/home/cubrid/dev/cubrid-workmem/src/method -I/home/cubrid/dev/cubrid-workmem/src/monitor -I/home/cubrid/dev/cubrid-workmem/src/object -I/home/cubrid/dev/cubrid-workmem/src/optimizer -I/home/cubrid/dev/cubrid-workmem/src/optimizer/histogram -I/home/cubrid/dev/cubrid-workmem/src/parser -I/home/cubrid/dev/cubrid-workmem/src/replication -I/home/cubrid/dev/cubrid-workmem/src/query -I/home/cubrid/dev/cubrid-workmem/src/session -I/home/cubrid/dev/cubrid-workmem/src/storage -I/home/cubrid/dev/cubrid-workmem/src/thread -I/home/cubrid/dev/cubrid-workmem/src/transaction -I/home/cubrid/dev/cubrid-workmem/src/xasl -I/home/cubrid/dev/cubrid-workmem/src/query/parallel/px_hash_join -I/home/cubrid/dev/cubrid-workmem/src/query/parallel/px_scan -I/home/cubrid/dev/cubrid-workmem/src/query/parallel/px_scan/index -I/home/cubrid/dev/cubrid-workmem/src/query/parallel -I/home/cubrid/dev/cubrid-workmem/src/query/parallel/px_query_execute -I/home/cubrid/dev/cubrid-workmem/cubrid-cci/src/cci -I/home/cubrid/dev/cubrid-workmem/cubrid-cci/src/tools -I/home/cubrid/dev/cubrid-workmem/build_preset_release/3rdparty/include/expat -I/home/cubrid/dev/cubrid-workmem/build_preset_release/3rdparty/include/jansson -I/home/cubrid/dev/cubrid-workmem/build_preset_release/3rdparty/include -I/home/cubrid/dev/cubrid-workmem/build_preset_release/3rdparty/Source/lz4/lib -I/home/cubrid/dev/cubrid-workmem/build_preset_release/3rdparty/Source/rapidjson/include -I/home/cubrid/dev/cubrid-workmem/build_preset_release/3rdparty/Source/re2 -x c++  -Wall -Werror -Wwrite-strings  -Wredundant-decls -Wclobbered -Wextra -Wno-unused -Wno-unused-parameter -pthread -O2 -g -DNDEBUG -O2 -DNDEBUG -finline-functions -ggdb -fno-omit-frame-pointer -std=c++17 -fPIC -MD -MT sa/CMakeFiles/cubridsa.dir/__/src/executables/util_cs.c.o -MF sa/CMakeFiles/cubridsa.dir/__/src/executables/util_cs.c.o.d -o sa/CMakeFiles/cubridsa.dir/__/src/executables/util_cs.c.o -c /home/cubrid/dev/cubrid-workmem/src/executables/util_cs.c
In file included from /home/cubrid/dev/cubrid-workmem/src/query/xasl.h:34,
                 from /home/cubrid/dev/cubrid-workmem/src/executables/util_cs.c:63:
/home/cubrid/dev/cubrid-workmem/src/query/query_hash_join.h: In constructor ‘hashjoin_shared_probe_info::hashjoin_shared_probe_info()’:
/home/cubrid/dev/cubrid-workmem/src/query/query_hash_join.h:333:29: error: ‘hashjoin_shared_probe_info::new_dist’ will be initialized after [-Werror=reorder]
   qfile::chunk_distributor *new_dist;
                             ^~~~~~~~
/home/cubrid/dev/cubrid-workmem/src/query/query_hash_join.h:325:14: error:   ‘std::mutex hashjoin_shared_probe_info::stats_mutex’ [-Werror=reorder]
   std::mutex stats_mutex;
              ^~~~~~~~~~~
/home/cubrid/dev/cubrid-workmem/src/query/query_hash_join.h:335:3: error:   when initialized here [-Werror=reorder]
   hashjoin_shared_probe_info ()
   ^~~~~~~~~~~~~~~~~~~~~~~~~~
cc1plus: all warnings being treated as errors
[8/228] Building CXX object sa/CMakeFiles/cubridsa.dir/__/src/compat/db_admin.c.o
FAILED: sa/CMakeFiles/cubridsa.dir/__/src/compat/db_admin.c.o 
/usr/lib64/ccache/c++ -DCUBRID_EXPORTING -DGCC -DI386 -DLINUX -DMAXPATHLEN=1024 -DSA_MODE -DSYSV -DX86 -D_FILE_OFFSET_BITS=64 -D_GNU_SOURCE -D_LARGEFILE64_SOURCE -D_REENTRANT -Dcubridsa_EXPORTS -I/home/cubrid/dev/cubrid-workmem/build_preset_release -I/home/cubrid/dev/cubrid-workmem/include -I/home/cubrid/dev/cubrid-workmem/src/api -I/home/cubrid/dev/cubrid-workmem/src/base -I/home/cubrid/dev/cubrid-workmem/src/broker -I/home/cubrid/dev/cubrid-workmem/src/communication -I/home/cubrid/dev/cubrid-workmem/src/compat -I/home/cubrid/dev/cubrid-workmem/src/connection -I/home/cubrid/dev/cubrid-workmem/src/debugging -I/home/cubrid/dev/cubrid-workmem/src/executables -I/home/cubrid/dev/cubrid-workmem/src/heaplayers -I/home/cubrid/dev/cubrid-workmem/src/sp -I/home/cubrid/dev/cubrid-workmem/src/loaddb -I/home/cubrid/dev/cubrid-workmem/src/method -I/home/cubrid/dev/cubrid-workmem/src/monitor -I/home/cubrid/dev/cubrid-workmem/src/object -I/home/cubrid/dev/cubrid-workmem/src/optimizer -I/home/cubrid/dev/cubrid-workmem/src/optimizer/histogram -I/home/cubrid/dev/cubrid-workmem/src/parser -I/home/cubrid/dev/cubrid-workmem/src/replication -I/home/cubrid/dev/cubrid-workmem/src/query -I/home/cubrid/dev/cubrid-workmem/src/session -I/home/cubrid/dev/cubrid-workmem/src/storage -I/home/cubrid/dev/cubrid-workmem/src/thread -I/home/cubrid/dev/cubrid-workmem/src/transaction -I/home/cubrid/dev/cubrid-workmem/src/xasl -I/home/cubrid/dev/cubrid-workmem/src/query/parallel/px_hash_join -I/home/cubrid/dev/cubrid-workmem/src/query/parallel/px_scan -I/home/cubrid/dev/cubrid-workmem/src/query/parallel/px_scan/index -I/home/cubrid/dev/cubrid-workmem/src/query/parallel -I/home/cubrid/dev/cubrid-workmem/src/query/parallel/px_query_execute -I/home/cubrid/dev/cubrid-workmem/cubrid-cci/src/cci -I/home/cubrid/dev/cubrid-workmem/cubrid-cci/src/tools -I/home/cubrid/dev/cubrid-workmem/build_preset_release/3rdparty/include/expat -I/home/cubrid/dev/cubrid-workmem/build_preset_release/3rdparty/include/jansson -I/home/cubrid/dev/cubrid-workmem/build_preset_release/3rdparty/include -I/home/cubrid/dev/cubrid-workmem/build_preset_release/3rdparty/Source/lz4/lib -I/home/cubrid/dev/cubrid-workmem/build_preset_release/3rdparty/Source/rapidjson/include -I/home/cubrid/dev/cubrid-workmem/build_preset_release/3rdparty/Source/re2 -x c++  -Wall -Werror -Wwrite-strings  -Wredundant-decls -Wclobbered -Wextra -Wno-unused -Wno-unused-parameter -pthread -O2 -g -DNDEBUG -O2 -DNDEBUG -finline-functions -ggdb -fno-omit-frame-pointer -std=c++17 -fPIC -MD -MT sa/CMakeFiles/cubridsa.dir/__/src/compat/db_admin.c.o -MF sa/CMakeFiles/cubridsa.dir/__/src/compat/db_admin.c.o.d -o sa/CMakeFiles/cubridsa.dir/__/src/compat/db_admin.c.o -c /home/cubrid/dev/cubrid-workmem/src/compat/db_admin.c
In file included from /home/cubrid/dev/cubrid-workmem/src/query/xasl.h:34,
                 from /home/cubrid/dev/cubrid-workmem/src/query/xasl_cache.h:32,
                 from /home/cubrid/dev/cubrid-workmem/src/query/list_file.h:44,
                 from /home/cubrid/dev/cubrid-workmem/src/query/query_manager.h:35,
                 from /home/cubrid/dev/cubrid-workmem/src/session/session.h:32,
                 from /home/cubrid/dev/cubrid-workmem/src/compat/db_admin.c:66:
/home/cubrid/dev/cubrid-workmem/src/query/query_hash_join.h: In constructor ‘hashjoin_shared_probe_info::hashjoin_shared_probe_info()’:
/home/cubrid/dev/cubrid-workmem/src/query/query_hash_join.h:333:29: error: ‘hashjoin_shared_probe_info::new_dist’ will be initialized after [-Werror=reorder]
   qfile::chunk_distributor *new_dist;
                             ^~~~~~~~
/home/cubrid/dev/cubrid-workmem/src/query/query_hash_join.h:325:14: error:   ‘std::mutex hashjoin_shared_probe_info::stats_mutex’ [-Werror=reorder]
   std::mutex stats_mutex;
              ^~~~~~~~~~~
/home/cubrid/dev/cubrid-workmem/src/query/query_hash_join.h:335:3: error:   when initialized here [-Werror=reorder]
   hashjoin_shared_probe_info ()
   ^~~~~~~~~~~~~~~~~~~~~~~~~~
cc1plus: all warnings being treated as errors
[9/228] Building CXX object sa/CMakeFiles/cubridsa.dir/__/src/compat/db_vdb.c.o
FAILED: sa/CMakeFiles/cubridsa.dir/__/src/compat/db_vdb.c.o 
/usr/lib64/ccache/c++ -DCUBRID_EXPORTING -DGCC -DI386 -DLINUX -DMAXPATHLEN=1024 -DSA_MODE -DSYSV -DX86 -D_FILE_OFFSET_BITS=64 -D_GNU_SOURCE -D_LARGEFILE64_SOURCE -D_REENTRANT -Dcubridsa_EXPORTS -I/home/cubrid/dev/cubrid-workmem/build_preset_release -I/home/cubrid/dev/cubrid-workmem/include -I/home/cubrid/dev/cubrid-workmem/src/api -I/home/cubrid/dev/cubrid-workmem/src/base -I/home/cubrid/dev/cubrid-workmem/src/broker -I/home/cubrid/dev/cubrid-workmem/src/communication -I/home/cubrid/dev/cubrid-workmem/src/compat -I/home/cubrid/dev/cubrid-workmem/src/connection -I/home/cubrid/dev/cubrid-workmem/src/debugging -I/home/cubrid/dev/cubrid-workmem/src/executables -I/home/cubrid/dev/cubrid-workmem/src/heaplayers -I/home/cubrid/dev/cubrid-workmem/src/sp -I/home/cubrid/dev/cubrid-workmem/src/loaddb -I/home/cubrid/dev/cubrid-workmem/src/method -I/home/cubrid/dev/cubrid-workmem/src/monitor -I/home/cubrid/dev/cubrid-workmem/src/object -I/home/cubrid/dev/cubrid-workmem/src/optimizer -I/home/cubrid/dev/cubrid-workmem/src/optimizer/histogram -I/home/cubrid/dev/cubrid-workmem/src/parser -I/home/cubrid/dev/cubrid-workmem/src/replication -I/home/cubrid/dev/cubrid-workmem/src/query -I/home/cubrid/dev/cubrid-workmem/src/session -I/home/cubrid/dev/cubrid-workmem/src/storage -I/home/cubrid/dev/cubrid-workmem/src/thread -I/home/cubrid/dev/cubrid-workmem/src/transaction -I/home/cubrid/dev/cubrid-workmem/src/xasl -I/home/cubrid/dev/cubrid-workmem/src/query/parallel/px_hash_join -I/home/cubrid/dev/cubrid-workmem/src/query/parallel/px_scan -I/home/cubrid/dev/cubrid-workmem/src/query/parallel/px_scan/index -I/home/cubrid/dev/cubrid-workmem/src/query/parallel -I/home/cubrid/dev/cubrid-workmem/src/query/parallel/px_query_execute -I/home/cubrid/dev/cubrid-workmem/cubrid-cci/src/cci -I/home/cubrid/dev/cubrid-workmem/cubrid-cci/src/tools -I/home/cubrid/dev/cubrid-workmem/build_preset_release/3rdparty/include/expat -I/home/cubrid/dev/cubrid-workmem/build_preset_release/3rdparty/include/jansson -I/home/cubrid/dev/cubrid-workmem/build_preset_release/3rdparty/include -I/home/cubrid/dev/cubrid-workmem/build_preset_release/3rdparty/Source/lz4/lib -I/home/cubrid/dev/cubrid-workmem/build_preset_release/3rdparty/Source/rapidjson/include -I/home/cubrid/dev/cubrid-workmem/build_preset_release/3rdparty/Source/re2 -x c++  -Wall -Werror -Wwrite-strings  -Wredundant-decls -Wclobbered -Wextra -Wno-unused -Wno-unused-parameter -pthread -O2 -g -DNDEBUG -O2 -DNDEBUG -finline-functions -ggdb -fno-omit-frame-pointer -std=c++17 -fPIC -MD -MT sa/CMakeFiles/cubridsa.dir/__/src/compat/db_vdb.c.o -MF sa/CMakeFiles/cubridsa.dir/__/src/compat/db_vdb.c.o.d -o sa/CMakeFiles/cubridsa.dir/__/src/compat/db_vdb.c.o -c /home/cubrid/dev/cubrid-workmem/src/compat/db_vdb.c
In file included from /home/cubrid/dev/cubrid-workmem/src/query/xasl.h:34,
                 from /home/cubrid/dev/cubrid-workmem/src/compat/db_vdb.c:57:
/home/cubrid/dev/cubrid-workmem/src/query/query_hash_join.h: In constructor ‘hashjoin_shared_probe_info::hashjoin_shared_probe_info()’:
/home/cubrid/dev/cubrid-workmem/src/query/query_hash_join.h:333:29: error: ‘hashjoin_shared_probe_info::new_dist’ will be initialized after [-Werror=reorder]
   qfile::chunk_distributor *new_dist;
                             ^~~~~~~~
/home/cubrid/dev/cubrid-workmem/src/query/query_hash_join.h:325:14: error:   ‘std::mutex hashjoin_shared_probe_info::stats_mutex’ [-Werror=reorder]
   std::mutex stats_mutex;
              ^~~~~~~~~~~
/home/cubrid/dev/cubrid-workmem/src/query/query_hash_join.h:335:3: error:   when initialized here [-Werror=reorder]
   hashjoin_shared_probe_info ()
   ^~~~~~~~~~~~~~~~~~~~~~~~~~
cc1plus: all warnings being treated as errors
[10/228] Building CXX object sa/CMakeFiles/cubridsa.dir/__/src/base/perf_monitor.c.o
FAILED: sa/CMakeFiles/cubridsa.dir/__/src/base/perf_monitor.c.o 
/usr/lib64/ccache/c++ -DCUBRID_EXPORTING -DGCC -DI386 -DLINUX -DMAXPATHLEN=1024 -DSA_MODE -DSYSV -DX86 -D_FILE_OFFSET_BITS=64 -D_GNU_SOURCE -D_LARGEFILE64_SOURCE -D_REENTRANT -Dcubridsa_EXPORTS -I/home/cubrid/dev/cubrid-workmem/build_preset_release -I/home/cubrid/dev/cubrid-workmem/include -I/home/cubrid/dev/cubrid-workmem/src/api -I/home/cubrid/dev/cubrid-workmem/src/base -I/home/cubrid/dev/cubrid-workmem/src/broker -I/home/cubrid/dev/cubrid-workmem/src/communication -I/home/cubrid/dev/cubrid-workmem/src/compat -I/home/cubrid/dev/cubrid-workmem/src/connection -I/home/cubrid/dev/cubrid-workmem/src/debugging -I/home/cubrid/dev/cubrid-workmem/src/executables -I/home/cubrid/dev/cubrid-workmem/src/heaplayers -I/home/cubrid/dev/cubrid-workmem/src/sp -I/home/cubrid/dev/cubrid-workmem/src/loaddb -I/home/cubrid/dev/cubrid-workmem/src/method -I/home/cubrid/dev/cubrid-workmem/src/monitor -I/home/cubrid/dev/cubrid-workmem/src/object -I/home/cubrid/dev/cubrid-workmem/src/optimizer -I/home/cubrid/dev/cubrid-workmem/src/optimizer/histogram -I/home/cubrid/dev/cubrid-workmem/src/parser -I/home/cubrid/dev/cubrid-workmem/src/replication -I/home/cubrid/dev/cubrid-workmem/src/query -I/home/cubrid/dev/cubrid-workmem/src/session -I/home/cubrid/dev/cubrid-workmem/src/storage -I/home/cubrid/dev/cubrid-workmem/src/thread -I/home/cubrid/dev/cubrid-workmem/src/transaction -I/home/cubrid/dev/cubrid-workmem/src/xasl -I/home/cubrid/dev/cubrid-workmem/src/query/parallel/px_hash_join -I/home/cubrid/dev/cubrid-workmem/src/query/parallel/px_scan -I/home/cubrid/dev/cubrid-workmem/src/query/parallel/px_scan/index -I/home/cubrid/dev/cubrid-workmem/src/query/parallel -I/home/cubrid/dev/cubrid-workmem/src/query/parallel/px_query_execute -I/home/cubrid/dev/cubrid-workmem/cubrid-cci/src/cci -I/home/cubrid/dev/cubrid-workmem/cubrid-cci/src/tools -I/home/cubrid/dev/cubrid-workmem/build_preset_release/3rdparty/include/expat -I/home/cubrid/dev/cubrid-workmem/build_preset_release/3rdparty/include/jansson -I/home/cubrid/dev/cubrid-workmem/build_preset_release/3rdparty/include -I/home/cubrid/dev/cubrid-workmem/build_preset_release/3rdparty/Source/lz4/lib -I/home/cubrid/dev/cubrid-workmem/build_preset_release/3rdparty/Source/rapidjson/include -I/home/cubrid/dev/cubrid-workmem/build_preset_release/3rdparty/Source/re2 -x c++  -Wall -Werror -Wwrite-strings  -Wredundant-decls -Wclobbered -Wextra -Wno-unused -Wno-unused-parameter -pthread -O2 -g -DNDEBUG -O2 -DNDEBUG -finline-functions -ggdb -fno-omit-frame-pointer -std=c++17 -fPIC -MD -MT sa/CMakeFiles/cubridsa.dir/__/src/base/perf_monitor.c.o -MF sa/CMakeFiles/cubridsa.dir/__/src/base/perf_monitor.c.o.d -o sa/CMakeFiles/cubridsa.dir/__/src/base/perf_monitor.c.o -c /home/cubrid/dev/cubrid-workmem/src/base/perf_monitor.c
In file included from /home/cubrid/dev/cubrid-workmem/src/query/xasl.h:34,
                 from /home/cubrid/dev/cubrid-workmem/src/query/xasl_cache.h:32,
                 from /home/cubrid/dev/cubrid-workmem/src/query/list_file.h:44,
                 from /home/cubrid/dev/cubrid-workmem/src/query/query_manager.h:35,
                 from /home/cubrid/dev/cubrid-workmem/src/session/session.h:32,
                 from /home/cubrid/dev/cubrid-workmem/src/base/perf_monitor.c:74:
/home/cubrid/dev/cubrid-workmem/src/query/query_hash_join.h: In constructor ‘hashjoin_shared_probe_info::hashjoin_shared_probe_info()’:
/home/cubrid/dev/cubrid-workmem/src/query/query_hash_join.h:333:29: error: ‘hashjoin_shared_probe_info::new_dist’ will be initialized after [-Werror=reorder]
   qfile::chunk_distributor *new_dist;
                             ^~~~~~~~
/home/cubrid/dev/cubrid-workmem/src/query/query_hash_join.h:325:14: error:   ‘std::mutex hashjoin_shared_probe_info::stats_mutex’ [-Werror=reorder]
   std::mutex stats_mutex;
              ^~~~~~~~~~~
/home/cubrid/dev/cubrid-workmem/src/query/query_hash_join.h:335:3: error:   when initialized here [-Werror=reorder]
   hashjoin_shared_probe_info ()
   ^~~~~~~~~~~~~~~~~~~~~~~~~~
cc1plus: all warnings being treated as errors
[11/228] Building CXX object sa/CMakeFiles/cubridsa.dir/__/src/executables/util_sa.c.o
FAILED: sa/CMakeFiles/cubridsa.dir/__/src/executables/util_sa.c.o 
/usr/lib64/ccache/c++ -DCUBRID_EXPORTING -DGCC -DI386 -DLINUX -DMAXPATHLEN=1024 -DSA_MODE -DSYSV -DX86 -D_FILE_OFFSET_BITS=64 -D_GNU_SOURCE -D_LARGEFILE64_SOURCE -D_REENTRANT -Dcubridsa_EXPORTS -I/home/cubrid/dev/cubrid-workmem/build_preset_release -I/home/cubrid/dev/cubrid-workmem/include -I/home/cubrid/dev/cubrid-workmem/src/api -I/home/cubrid/dev/cubrid-workmem/src/base -I/home/cubrid/dev/cubrid-workmem/src/broker -I/home/cubrid/dev/cubrid-workmem/src/communication -I/home/cubrid/dev/cubrid-workmem/src/compat -I/home/cubrid/dev/cubrid-workmem/src/connection -I/home/cubrid/dev/cubrid-workmem/src/debugging -I/home/cubrid/dev/cubrid-workmem/src/executables -I/home/cubrid/dev/cubrid-workmem/src/heaplayers -I/home/cubrid/dev/cubrid-workmem/src/sp -I/home/cubrid/dev/cubrid-workmem/src/loaddb -I/home/cubrid/dev/cubrid-workmem/src/method -I/home/cubrid/dev/cubrid-workmem/src/monitor -I/home/cubrid/dev/cubrid-workmem/src/object -I/home/cubrid/dev/cubrid-workmem/src/optimizer -I/home/cubrid/dev/cubrid-workmem/src/optimizer/histogram -I/home/cubrid/dev/cubrid-workmem/src/parser -I/home/cubrid/dev/cubrid-workmem/src/replication -I/home/cubrid/dev/cubrid-workmem/src/query -I/home/cubrid/dev/cubrid-workmem/src/session -I/home/cubrid/dev/cubrid-workmem/src/storage -I/home/cubrid/dev/cubrid-workmem/src/thread -I/home/cubrid/dev/cubrid-workmem/src/transaction -I/home/cubrid/dev/cubrid-workmem/src/xasl -I/home/cubrid/dev/cubrid-workmem/src/query/parallel/px_hash_join -I/home/cubrid/dev/cubrid-workmem/src/query/parallel/px_scan -I/home/cubrid/dev/cubrid-workmem/src/query/parallel/px_scan/index -I/home/cubrid/dev/cubrid-workmem/src/query/parallel -I/home/cubrid/dev/cubrid-workmem/src/query/parallel/px_query_execute -I/home/cubrid/dev/cubrid-workmem/cubrid-cci/src/cci -I/home/cubrid/dev/cubrid-workmem/cubrid-cci/src/tools -I/home/cubrid/dev/cubrid-workmem/build_preset_release/3rdparty/include/expat -I/home/cubrid/dev/cubrid-workmem/build_preset_release/3rdparty/include/jansson -I/home/cubrid/dev/cubrid-workmem/build_preset_release/3rdparty/include -I/home/cubrid/dev/cubrid-workmem/build_preset_release/3rdparty/Source/lz4/lib -I/home/cubrid/dev/cubrid-workmem/build_preset_release/3rdparty/Source/rapidjson/include -I/home/cubrid/dev/cubrid-workmem/build_preset_release/3rdparty/Source/re2 -x c++  -Wall -Werror -Wwrite-strings  -Wredundant-decls -Wclobbered -Wextra -Wno-unused -Wno-unused-parameter -pthread -O2 -g -DNDEBUG -O2 -DNDEBUG -finline-functions -ggdb -fno-omit-frame-pointer -std=c++17 -fPIC -MD -MT sa/CMakeFiles/cubridsa.dir/__/src/executables/util_sa.c.o -MF sa/CMakeFiles/cubridsa.dir/__/src/executables/util_sa.c.o.d -o sa/CMakeFiles/cubridsa.dir/__/src/executables/util_sa.c.o -c /home/cubrid/dev/cubrid-workmem/src/executables/util_sa.c
In file included from /home/cubrid/dev/cubrid-workmem/src/query/xasl.h:34,
                 from /home/cubrid/dev/cubrid-workmem/src/query/xasl_cache.h:32,
                 from /home/cubrid/dev/cubrid-workmem/src/query/list_file.h:44,
                 from /home/cubrid/dev/cubrid-workmem/src/query/query_manager.h:35,
                 from /home/cubrid/dev/cubrid-workmem/src/base/xserver_interface.h:46,
                 from /home/cubrid/dev/cubrid-workmem/src/executables/util_sa.c:53:
/home/cubrid/dev/cubrid-workmem/src/query/query_hash_join.h: In constructor ‘hashjoin_shared_probe_info::hashjoin_shared_probe_info()’:
/home/cubrid/dev/cubrid-workmem/src/query/query_hash_join.h:333:29: error: ‘hashjoin_shared_probe_info::new_dist’ will be initialized after [-Werror=reorder]
   qfile::chunk_distributor *new_dist;
                             ^~~~~~~~
/home/cubrid/dev/cubrid-workmem/src/query/query_hash_join.h:325:14: error:   ‘std::mutex hashjoin_shared_probe_info::stats_mutex’ [-Werror=reorder]
   std::mutex stats_mutex;
              ^~~~~~~~~~~
/home/cubrid/dev/cubrid-workmem/src/query/query_hash_join.h:335:3: error:   when initialized here [-Werror=reorder]
   hashjoin_shared_probe_info ()
   ^~~~~~~~~~~~~~~~~~~~~~~~~~
cc1plus: all warnings being treated as errors
[12/228] Building CXX object sa/CMakeFiles/cubridsa.dir/__/src/base/system_parameter.c.o
FAILED: sa/CMakeFiles/cubridsa.dir/__/src/base/system_parameter.c.o 
/usr/lib64/ccache/c++ -DCUBRID_EXPORTING -DGCC -DI386 -DLINUX -DMAXPATHLEN=1024 -DSA_MODE -DSYSV -DX86 -D_FILE_OFFSET_BITS=64 -D_GNU_SOURCE -D_LARGEFILE64_SOURCE -D_REENTRANT -Dcubridsa_EXPORTS -I/home/cubrid/dev/cubrid-workmem/build_preset_release -I/home/cubrid/dev/cubrid-workmem/include -I/home/cubrid/dev/cubrid-workmem/src/api -I/home/cubrid/dev/cubrid-workmem/src/base -I/home/cubrid/dev/cubrid-workmem/src/broker -I/home/cubrid/dev/cubrid-workmem/src/communication -I/home/cubrid/dev/cubrid-workmem/src/compat -I/home/cubrid/dev/cubrid-workmem/src/connection -I/home/cubrid/dev/cubrid-workmem/src/debugging -I/home/cubrid/dev/cubrid-workmem/src/executables -I/home/cubrid/dev/cubrid-workmem/src/heaplayers -I/home/cubrid/dev/cubrid-workmem/src/sp -I/home/cubrid/dev/cubrid-workmem/src/loaddb -I/home/cubrid/dev/cubrid-workmem/src/method -I/home/cubrid/dev/cubrid-workmem/src/monitor -I/home/cubrid/dev/cubrid-workmem/src/object -I/home/cubrid/dev/cubrid-workmem/src/optimizer -I/home/cubrid/dev/cubrid-workmem/src/optimizer/histogram -I/home/cubrid/dev/cubrid-workmem/src/parser -I/home/cubrid/dev/cubrid-workmem/src/replication -I/home/cubrid/dev/cubrid-workmem/src/query -I/home/cubrid/dev/cubrid-workmem/src/session -I/home/cubrid/dev/cubrid-workmem/src/storage -I/home/cubrid/dev/cubrid-workmem/src/thread -I/home/cubrid/dev/cubrid-workmem/src/transaction -I/home/cubrid/dev/cubrid-workmem/src/xasl -I/home/cubrid/dev/cubrid-workmem/src/query/parallel/px_hash_join -I/home/cubrid/dev/cubrid-workmem/src/query/parallel/px_scan -I/home/cubrid/dev/cubrid-workmem/src/query/parallel/px_scan/index -I/home/cubrid/dev/cubrid-workmem/src/query/parallel -I/home/cubrid/dev/cubrid-workmem/src/query/parallel/px_query_execute -I/home/cubrid/dev/cubrid-workmem/cubrid-cci/src/cci -I/home/cubrid/dev/cubrid-workmem/cubrid-cci/src/tools -I/home/cubrid/dev/cubrid-workmem/build_preset_release/3rdparty/include/expat -I/home/cubrid/dev/cubrid-workmem/build_preset_release/3rdparty/include/jansson -I/home/cubrid/dev/cubrid-workmem/build_preset_release/3rdparty/include -I/home/cubrid/dev/cubrid-workmem/build_preset_release/3rdparty/Source/lz4/lib -I/home/cubrid/dev/cubrid-workmem/build_preset_release/3rdparty/Source/rapidjson/include -I/home/cubrid/dev/cubrid-workmem/build_preset_release/3rdparty/Source/re2 -x c++  -Wall -Werror -Wwrite-strings  -Wredundant-decls -Wclobbered -Wextra -Wno-unused -Wno-unused-parameter -pthread -O2 -g -DNDEBUG -O2 -DNDEBUG -finline-functions -ggdb -fno-omit-frame-pointer -std=c++17 -fPIC -MD -MT sa/CMakeFiles/cubridsa.dir/__/src/base/system_parameter.c.o -MF sa/CMakeFiles/cubridsa.dir/__/src/base/system_parameter.c.o.d -o sa/CMakeFiles/cubridsa.dir/__/src/base/system_parameter.c.o -c /home/cubrid/dev/cubrid-workmem/src/base/system_parameter.c
In file included from /home/cubrid/dev/cubrid-workmem/src/query/xasl.h:34,
                 from /home/cubrid/dev/cubrid-workmem/src/query/xasl_cache.h:32,
                 from /home/cubrid/dev/cubrid-workmem/src/query/list_file.h:44,
                 from /home/cubrid/dev/cubrid-workmem/src/query/query_manager.h:35,
                 from /home/cubrid/dev/cubrid-workmem/src/session/session.h:32,
                 from /home/cubrid/dev/cubrid-workmem/src/base/system_parameter.c:67:
/home/cubrid/dev/cubrid-workmem/src/query/query_hash_join.h: In constructor ‘hashjoin_shared_probe_info::hashjoin_shared_probe_info()’:
/home/cubrid/dev/cubrid-workmem/src/query/query_hash_join.h:333:29: error: ‘hashjoin_shared_probe_info::new_dist’ will be initialized after [-Werror=reorder]
   qfile::chunk_distributor *new_dist;
                             ^~~~~~~~
/home/cubrid/dev/cubrid-workmem/src/query/query_hash_join.h:325:14: error:   ‘std::mutex hashjoin_shared_probe_info::stats_mutex’ [-Werror=reorder]
   std::mutex stats_mutex;
              ^~~~~~~~~~~
/home/cubrid/dev/cubrid-workmem/src/query/query_hash_join.h:335:3: error:   when initialized here [-Werror=reorder]
   hashjoin_shared_probe_info ()
   ^~~~~~~~~~~~~~~~~~~~~~~~~~
cc1plus: all warnings being treated as errors
[13/228] Building CXX object sa/CMakeFiles/cubridsa.dir/__/src/base/tz_support.c.o
FAILED: sa/CMakeFiles/cubridsa.dir/__/src/base/tz_support.c.o 
/usr/lib64/ccache/c++ -DCUBRID_EXPORTING -DGCC -DI386 -DLINUX -DMAXPATHLEN=1024 -DSA_MODE -DSYSV -DX86 -D_FILE_OFFSET_BITS=64 -D_GNU_SOURCE -D_LARGEFILE64_SOURCE -D_REENTRANT -Dcubridsa_EXPORTS -I/home/cubrid/dev/cubrid-workmem/build_preset_release -I/home/cubrid/dev/cubrid-workmem/include -I/home/cubrid/dev/cubrid-workmem/src/api -I/home/cubrid/dev/cubrid-workmem/src/base -I/home/cubrid/dev/cubrid-workmem/src/broker -I/home/cubrid/dev/cubrid-workmem/src/communication -I/home/cubrid/dev/cubrid-workmem/src/compat -I/home/cubrid/dev/cubrid-workmem/src/connection -I/home/cubrid/dev/cubrid-workmem/src/debugging -I/home/cubrid/dev/cubrid-workmem/src/executables -I/home/cubrid/dev/cubrid-workmem/src/heaplayers -I/home/cubrid/dev/cubrid-workmem/src/sp -I/home/cubrid/dev/cubrid-workmem/src/loaddb -I/home/cubrid/dev/cubrid-workmem/src/method -I/home/cubrid/dev/cubrid-workmem/src/monitor -I/home/cubrid/dev/cubrid-workmem/src/object -I/home/cubrid/dev/cubrid-workmem/src/optimizer -I/home/cubrid/dev/cubrid-workmem/src/optimizer/histogram -I/home/cubrid/dev/cubrid-workmem/src/parser -I/home/cubrid/dev/cubrid-workmem/src/replication -I/home/cubrid/dev/cubrid-workmem/src/query -I/home/cubrid/dev/cubrid-workmem/src/session -I/home/cubrid/dev/cubrid-workmem/src/storage -I/home/cubrid/dev/cubrid-workmem/src/thread -I/home/cubrid/dev/cubrid-workmem/src/transaction -I/home/cubrid/dev/cubrid-workmem/src/xasl -I/home/cubrid/dev/cubrid-workmem/src/query/parallel/px_hash_join -I/home/cubrid/dev/cubrid-workmem/src/query/parallel/px_scan -I/home/cubrid/dev/cubrid-workmem/src/query/parallel/px_scan/index -I/home/cubrid/dev/cubrid-workmem/src/query/parallel -I/home/cubrid/dev/cubrid-workmem/src/query/parallel/px_query_execute -I/home/cubrid/dev/cubrid-workmem/cubrid-cci/src/cci -I/home/cubrid/dev/cubrid-workmem/cubrid-cci/src/tools -I/home/cubrid/dev/cubrid-workmem/build_preset_release/3rdparty/include/expat -I/home/cubrid/dev/cubrid-workmem/build_preset_release/3rdparty/include/jansson -I/home/cubrid/dev/cubrid-workmem/build_preset_release/3rdparty/include -I/home/cubrid/dev/cubrid-workmem/build_preset_release/3rdparty/Source/lz4/lib -I/home/cubrid/dev/cubrid-workmem/build_preset_release/3rdparty/Source/rapidjson/include -I/home/cubrid/dev/cubrid-workmem/build_preset_release/3rdparty/Source/re2 -x c++  -Wall -Werror -Wwrite-strings  -Wredundant-decls -Wclobbered -Wextra -Wno-unused -Wno-unused-parameter -pthread -O2 -g -DNDEBUG -O2 -DNDEBUG -finline-functions -ggdb -fno-omit-frame-pointer -std=c++17 -fPIC -MD -MT sa/CMakeFiles/cubridsa.dir/__/src/base/tz_support.c.o -MF sa/CMakeFiles/cubridsa.dir/__/src/base/tz_support.c.o.d -o sa/CMakeFiles/cubridsa.dir/__/src/base/tz_support.c.o -c /home/cubrid/dev/cubrid-workmem/src/base/tz_support.c
In file included from /home/cubrid/dev/cubrid-workmem/src/query/xasl.h:34,
                 from /home/cubrid/dev/cubrid-workmem/src/query/xasl_cache.h:32,
                 from /home/cubrid/dev/cubrid-workmem/src/query/list_file.h:44,
                 from /home/cubrid/dev/cubrid-workmem/src/query/query_manager.h:35,
                 from /home/cubrid/dev/cubrid-workmem/src/session/session.h:32,
                 from /home/cubrid/dev/cubrid-workmem/src/base/tz_support.c:40:
/home/cubrid/dev/cubrid-workmem/src/query/query_hash_join.h: In constructor ‘hashjoin_shared_probe_info::hashjoin_shared_probe_info()’:
/home/cubrid/dev/cubrid-workmem/src/query/query_hash_join.h:333:29: error: ‘hashjoin_shared_probe_info::new_dist’ will be initialized after [-Werror=reorder]
   qfile::chunk_distributor *new_dist;
                             ^~~~~~~~
/home/cubrid/dev/cubrid-workmem/src/query/query_hash_join.h:325:14: error:   ‘std::mutex hashjoin_shared_probe_info::stats_mutex’ [-Werror=reorder]
   std::mutex stats_mutex;
              ^~~~~~~~~~~
/home/cubrid/dev/cubrid-workmem/src/query/query_hash_join.h:335:3: error:   when initialized here [-Werror=reorder]
   hashjoin_shared_probe_info ()
   ^~~~~~~~~~~~~~~~~~~~~~~~~~
cc1plus: all warnings being treated as errors
[14/228] Building CXX object sa/CMakeFiles/cubridsa.dir/__/src/communication/network_interface_cl.c.o
FAILED: sa/CMakeFiles/cubridsa.dir/__/src/communication/network_interface_cl.c.o 
/usr/lib64/ccache/c++ -DCUBRID_EXPORTING -DGCC -DI386 -DLINUX -DMAXPATHLEN=1024 -DSA_MODE -DSYSV -DX86 -D_FILE_OFFSET_BITS=64 -D_GNU_SOURCE -D_LARGEFILE64_SOURCE -D_REENTRANT -Dcubridsa_EXPORTS -I/home/cubrid/dev/cubrid-workmem/build_preset_release -I/home/cubrid/dev/cubrid-workmem/include -I/home/cubrid/dev/cubrid-workmem/src/api -I/home/cubrid/dev/cubrid-workmem/src/base -I/home/cubrid/dev/cubrid-workmem/src/broker -I/home/cubrid/dev/cubrid-workmem/src/communication -I/home/cubrid/dev/cubrid-workmem/src/compat -I/home/cubrid/dev/cubrid-workmem/src/connection -I/home/cubrid/dev/cubrid-workmem/src/debugging -I/home/cubrid/dev/cubrid-workmem/src/executables -I/home/cubrid/dev/cubrid-workmem/src/heaplayers -I/home/cubrid/dev/cubrid-workmem/src/sp -I/home/cubrid/dev/cubrid-workmem/src/loaddb -I/home/cubrid/dev/cubrid-workmem/src/method -I/home/cubrid/dev/cubrid-workmem/src/monitor -I/home/cubrid/dev/cubrid-workmem/src/object -I/home/cubrid/dev/cubrid-workmem/src/optimizer -I/home/cubrid/dev/cubrid-workmem/src/optimizer/histogram -I/home/cubrid/dev/cubrid-workmem/src/parser -I/home/cubrid/dev/cubrid-workmem/src/replication -I/home/cubrid/dev/cubrid-workmem/src/query -I/home/cubrid/dev/cubrid-workmem/src/session -I/home/cubrid/dev/cubrid-workmem/src/storage -I/home/cubrid/dev/cubrid-workmem/src/thread -I/home/cubrid/dev/cubrid-workmem/src/transaction -I/home/cubrid/dev/cubrid-workmem/src/xasl -I/home/cubrid/dev/cubrid-workmem/src/query/parallel/px_hash_join -I/home/cubrid/dev/cubrid-workmem/src/query/parallel/px_scan -I/home/cubrid/dev/cubrid-workmem/src/query/parallel/px_scan/index -I/home/cubrid/dev/cubrid-workmem/src/query/parallel -I/home/cubrid/dev/cubrid-workmem/src/query/parallel/px_query_execute -I/home/cubrid/dev/cubrid-workmem/cubrid-cci/src/cci -I/home/cubrid/dev/cubrid-workmem/cubrid-cci/src/tools -I/home/cubrid/dev/cubrid-workmem/build_preset_release/3rdparty/include/expat -I/home/cubrid/dev/cubrid-workmem/build_preset_release/3rdparty/include/jansson -I/home/cubrid/dev/cubrid-workmem/build_preset_release/3rdparty/include -I/home/cubrid/dev/cubrid-workmem/build_preset_release/3rdparty/Source/lz4/lib -I/home/cubrid/dev/cubrid-workmem/build_preset_release/3rdparty/Source/rapidjson/include -I/home/cubrid/dev/cubrid-workmem/build_preset_release/3rdparty/Source/re2 -x c++  -Wall -Werror -Wwrite-strings  -Wredundant-decls -Wclobbered -Wextra -Wno-unused -Wno-unused-parameter -pthread -O2 -g -DNDEBUG -O2 -DNDEBUG -finline-functions -ggdb -fno-omit-frame-pointer -std=c++17 -fPIC -MD -MT sa/CMakeFiles/cubridsa.dir/__/src/communication/network_interface_cl.c.o -MF sa/CMakeFiles/cubridsa.dir/__/src/communication/network_interface_cl.c.o.d -o sa/CMakeFiles/cubridsa.dir/__/src/communication/network_interface_cl.c.o -c /home/cubrid/dev/cubrid-workmem/src/communication/network_interface_cl.c
In file included from /home/cubrid/dev/cubrid-workmem/src/query/xasl.h:34,
                 from /home/cubrid/dev/cubrid-workmem/src/query/xasl_cache.h:32,
                 from /home/cubrid/dev/cubrid-workmem/src/query/list_file.h:44,
                 from /home/cubrid/dev/cubrid-workmem/src/query/query_manager.h:35,
                 from /home/cubrid/dev/cubrid-workmem/src/base/xserver_interface.h:46,
                 from /home/cubrid/dev/cubrid-workmem/src/communication/network_interface_cl.c:44:
/home/cubrid/dev/cubrid-workmem/src/query/query_hash_join.h: In constructor ‘hashjoin_shared_probe_info::hashjoin_shared_probe_info()’:
/home/cubrid/dev/cubrid-workmem/src/query/query_hash_join.h:333:29: error: ‘hashjoin_shared_probe_info::new_dist’ will be initialized after [-Werror=reorder]
   qfile::chunk_distributor *new_dist;
                             ^~~~~~~~
/home/cubrid/dev/cubrid-workmem/src/query/query_hash_join.h:325:14: error:   ‘std::mutex hashjoin_shared_probe_info::stats_mutex’ [-Werror=reorder]
   std::mutex stats_mutex;
              ^~~~~~~~~~~
/home/cubrid/dev/cubrid-workmem/src/query/query_hash_join.h:335:3: error:   when initialized here [-Werror=reorder]
   hashjoin_shared_probe_info ()
   ^~~~~~~~~~~~~~~~~~~~~~~~~~
cc1plus: all warnings being treated as errors
[15/228] Building CXX object sa/CMakeFiles/cubridsa.dir/__/src/sp/pl_session.cpp.o
FAILED: sa/CMakeFiles/cubridsa.dir/__/src/sp/pl_session.cpp.o 
/usr/lib64/ccache/c++ -DCUBRID_EXPORTING -DGCC -DI386 -DLINUX -DMAXPATHLEN=1024 -DSA_MODE -DSYSV -DX86 -D_FILE_OFFSET_BITS=64 -D_GNU_SOURCE -D_LARGEFILE64_SOURCE -D_REENTRANT -Dcubridsa_EXPORTS -I/home/cubrid/dev/cubrid-workmem/build_preset_release -I/home/cubrid/dev/cubrid-workmem/include -I/home/cubrid/dev/cubrid-workmem/src/api -I/home/cubrid/dev/cubrid-workmem/src/base -I/home/cubrid/dev/cubrid-workmem/src/broker -I/home/cubrid/dev/cubrid-workmem/src/communication -I/home/cubrid/dev/cubrid-workmem/src/compat -I/home/cubrid/dev/cubrid-workmem/src/connection -I/home/cubrid/dev/cubrid-workmem/src/debugging -I/home/cubrid/dev/cubrid-workmem/src/executables -I/home/cubrid/dev/cubrid-workmem/src/heaplayers -I/home/cubrid/dev/cubrid-workmem/src/sp -I/home/cubrid/dev/cubrid-workmem/src/loaddb -I/home/cubrid/dev/cubrid-workmem/src/method -I/home/cubrid/dev/cubrid-workmem/src/monitor -I/home/cubrid/dev/cubrid-workmem/src/object -I/home/cubrid/dev/cubrid-workmem/src/optimizer -I/home/cubrid/dev/cubrid-workmem/src/optimizer/histogram -I/home/cubrid/dev/cubrid-workmem/src/parser -I/home/cubrid/dev/cubrid-workmem/src/replication -I/home/cubrid/dev/cubrid-workmem/src/query -I/home/cubrid/dev/cubrid-workmem/src/session -I/home/cubrid/dev/cubrid-workmem/src/storage -I/home/cubrid/dev/cubrid-workmem/src/thread -I/home/cubrid/dev/cubrid-workmem/src/transaction -I/home/cubrid/dev/cubrid-workmem/src/xasl -I/home/cubrid/dev/cubrid-workmem/src/query/parallel/px_hash_join -I/home/cubrid/dev/cubrid-workmem/src/query/parallel/px_scan -I/home/cubrid/dev/cubrid-workmem/src/query/parallel/px_scan/index -I/home/cubrid/dev/cubrid-workmem/src/query/parallel -I/home/cubrid/dev/cubrid-workmem/src/query/parallel/px_query_execute -I/home/cubrid/dev/cubrid-workmem/cubrid-cci/src/cci -I/home/cubrid/dev/cubrid-workmem/cubrid-cci/src/tools -I/home/cubrid/dev/cubrid-workmem/build_preset_release/3rdparty/include/expat -I/home/cubrid/dev/cubrid-workmem/build_preset_release/3rdparty/include/jansson -I/home/cubrid/dev/cubrid-workmem/build_preset_release/3rdparty/include -I/home/cubrid/dev/cubrid-workmem/build_preset_release/3rdparty/Source/lz4/lib -I/home/cubrid/dev/cubrid-workmem/build_preset_release/3rdparty/Source/rapidjson/include -I/home/cubrid/dev/cubrid-workmem/build_preset_release/3rdparty/Source/re2 -x c++  -Wall -Werror -Wwrite-strings  -Wredundant-decls -Wclobbered -Wextra -Wno-unused -Wno-unused-parameter -pthread -O2 -g -DNDEBUG -O2 -DNDEBUG -finline-functions -ggdb -fno-omit-frame-pointer -std=c++17 -fPIC -MD -MT sa/CMakeFiles/cubridsa.dir/__/src/sp/pl_session.cpp.o -MF sa/CMakeFiles/cubridsa.dir/__/src/sp/pl_session.cpp.o.d -o sa/CMakeFiles/cubridsa.dir/__/src/sp/pl_session.cpp.o -c /home/cubrid/dev/cubrid-workmem/src/sp/pl_session.cpp
In file included from /home/cubrid/dev/cubrid-workmem/src/query/xasl.h:34,
                 from /home/cubrid/dev/cubrid-workmem/src/query/xasl_cache.h:32,
                 from /home/cubrid/dev/cubrid-workmem/src/query/list_file.h:44,
                 from /home/cubrid/dev/cubrid-workmem/src/query/query_manager.h:35,
                 from /home/cubrid/dev/cubrid-workmem/src/sp/pl_query_cursor.hpp:32,
                 from /home/cubrid/dev/cubrid-workmem/src/sp/pl_session.cpp:22:
/home/cubrid/dev/cubrid-workmem/src/query/query_hash_join.h: In constructor ‘hashjoin_shared_probe_info::hashjoin_shared_probe_info()’:
/home/cubrid/dev/cubrid-workmem/src/query/query_hash_join.h:333:29: error: ‘hashjoin_shared_probe_info::new_dist’ will be initialized after [-Werror=reorder]
   qfile::chunk_distributor *new_dist;
                             ^~~~~~~~
/home/cubrid/dev/cubrid-workmem/src/query/query_hash_join.h:325:14: error:   ‘std::mutex hashjoin_shared_probe_info::stats_mutex’ [-Werror=reorder]
   std::mutex stats_mutex;
              ^~~~~~~~~~~
/home/cubrid/dev/cubrid-workmem/src/query/query_hash_join.h:335:3: error:   when initialized here [-Werror=reorder]
   hashjoin_shared_probe_info ()
   ^~~~~~~~~~~~~~~~~~~~~~~~~~
cc1plus: all warnings being treated as errors
[16/228] Building CXX object sa/CMakeFiles/cubridsa.dir/__/src/sp/pl_executor.cpp.o
FAILED: sa/CMakeFiles/cubridsa.dir/__/src/sp/pl_executor.cpp.o 
/usr/lib64/ccache/c++ -DCUBRID_EXPORTING -DGCC -DI386 -DLINUX -DMAXPATHLEN=1024 -DSA_MODE -DSYSV -DX86 -D_FILE_OFFSET_BITS=64 -D_GNU_SOURCE -D_LARGEFILE64_SOURCE -D_REENTRANT -Dcubridsa_EXPORTS -I/home/cubrid/dev/cubrid-workmem/build_preset_release -I/home/cubrid/dev/cubrid-workmem/include -I/home/cubrid/dev/cubrid-workmem/src/api -I/home/cubrid/dev/cubrid-workmem/src/base -I/home/cubrid/dev/cubrid-workmem/src/broker -I/home/cubrid/dev/cubrid-workmem/src/communication -I/home/cubrid/dev/cubrid-workmem/src/compat -I/home/cubrid/dev/cubrid-workmem/src/connection -I/home/cubrid/dev/cubrid-workmem/src/debugging -I/home/cubrid/dev/cubrid-workmem/src/executables -I/home/cubrid/dev/cubrid-workmem/src/heaplayers -I/home/cubrid/dev/cubrid-workmem/src/sp -I/home/cubrid/dev/cubrid-workmem/src/loaddb -I/home/cubrid/dev/cubrid-workmem/src/method -I/home/cubrid/dev/cubrid-workmem/src/monitor -I/home/cubrid/dev/cubrid-workmem/src/object -I/home/cubrid/dev/cubrid-workmem/src/optimizer -I/home/cubrid/dev/cubrid-workmem/src/optimizer/histogram -I/home/cubrid/dev/cubrid-workmem/src/parser -I/home/cubrid/dev/cubrid-workmem/src/replication -I/home/cubrid/dev/cubrid-workmem/src/query -I/home/cubrid/dev/cubrid-workmem/src/session -I/home/cubrid/dev/cubrid-workmem/src/storage -I/home/cubrid/dev/cubrid-workmem/src/thread -I/home/cubrid/dev/cubrid-workmem/src/transaction -I/home/cubrid/dev/cubrid-workmem/src/xasl -I/home/cubrid/dev/cubrid-workmem/src/query/parallel/px_hash_join -I/home/cubrid/dev/cubrid-workmem/src/query/parallel/px_scan -I/home/cubrid/dev/cubrid-workmem/src/query/parallel/px_scan/index -I/home/cubrid/dev/cubrid-workmem/src/query/parallel -I/home/cubrid/dev/cubrid-workmem/src/query/parallel/px_query_execute -I/home/cubrid/dev/cubrid-workmem/cubrid-cci/src/cci -I/home/cubrid/dev/cubrid-workmem/cubrid-cci/src/tools -I/home/cubrid/dev/cubrid-workmem/build_preset_release/3rdparty/include/expat -I/home/cubrid/dev/cubrid-workmem/build_preset_release/3rdparty/include/jansson -I/home/cubrid/dev/cubrid-workmem/build_preset_release/3rdparty/include -I/home/cubrid/dev/cubrid-workmem/build_preset_release/3rdparty/Source/lz4/lib -I/home/cubrid/dev/cubrid-workmem/build_preset_release/3rdparty/Source/rapidjson/include -I/home/cubrid/dev/cubrid-workmem/build_preset_release/3rdparty/Source/re2 -x c++  -Wall -Werror -Wwrite-strings  -Wredundant-decls -Wclobbered -Wextra -Wno-unused -Wno-unused-parameter -pthread -O2 -g -DNDEBUG -O2 -DNDEBUG -finline-functions -ggdb -fno-omit-frame-pointer -std=c++17 -fPIC -MD -MT sa/CMakeFiles/cubridsa.dir/__/src/sp/pl_executor.cpp.o -MF sa/CMakeFiles/cubridsa.dir/__/src/sp/pl_executor.cpp.o.d -o sa/CMakeFiles/cubridsa.dir/__/src/sp/pl_executor.cpp.o -c /home/cubrid/dev/cubrid-workmem/src/sp/pl_executor.cpp
In file included from /home/cubrid/dev/cubrid-workmem/src/query/xasl.h:34,
                 from /home/cubrid/dev/cubrid-workmem/src/query/xasl_cache.h:32,
                 from /home/cubrid/dev/cubrid-workmem/src/query/list_file.h:44,
                 from /home/cubrid/dev/cubrid-workmem/src/query/query_manager.h:35,
                 from /home/cubrid/dev/cubrid-workmem/src/sp/pl_query_cursor.hpp:32,
                 from /home/cubrid/dev/cubrid-workmem/src/sp/pl_executor.cpp:35:
/home/cubrid/dev/cubrid-workmem/src/query/query_hash_join.h: In constructor ‘hashjoin_shared_probe_info::hashjoin_shared_probe_info()’:
/home/cubrid/dev/cubrid-workmem/src/query/query_hash_join.h:333:29: error: ‘hashjoin_shared_probe_info::new_dist’ will be initialized after [-Werror=reorder]
   qfile::chunk_distributor *new_dist;
                             ^~~~~~~~
/home/cubrid/dev/cubrid-workmem/src/query/query_hash_join.h:325:14: error:   ‘std::mutex hashjoin_shared_probe_info::stats_mutex’ [-Werror=reorder]
   std::mutex stats_mutex;
              ^~~~~~~~~~~
/home/cubrid/dev/cubrid-workmem/src/query/query_hash_join.h:335:3: error:   when initialized here [-Werror=reorder]
   hashjoin_shared_probe_info ()
   ^~~~~~~~~~~~~~~~~~~~~~~~~~
cc1plus: all warnings being treated as errors
[17/228] Running utility command for pl_build
> Task :pl_server:generateGrammarSource UP-TO-DATE
> Task :pl_server:compileJava UP-TO-DATE
> Task :pl_server:processResources UP-TO-DATE
> Task :pl_server:classes UP-TO-DATE
> Task :pl_server:jar
> Task :pl_server:startScripts UP-TO-DATE
> Task :pl_server:distTar
> Task :pl_server:distZip
> Task :pl_server:assemble
> Task :pl_server:check
> Task :pl_server:build

BUILD SUCCESSFUL in 7s
7 actionable tasks: 3 executed, 4 up-to-date
ninja: build stopped: subcommand failed.
error: recipe `build` failed with exit code 1
