Attaching to process 1515141
[New LWP 1515144]
[New LWP 1515145]
[New LWP 1515146]
[New LWP 1515147]
[New LWP 1515148]
[New LWP 1515149]
[New LWP 1515261]
[New LWP 1515353]
[New LWP 1515354]
[New LWP 1515355]
[New LWP 1515356]
[New LWP 1515357]
[New LWP 1515360]
[New LWP 1515463]
[New LWP 1515464]
[New LWP 1515465]
[New LWP 1515466]
[New LWP 1515467]
[New LWP 1515468]
[New LWP 1515469]
[New LWP 1515470]
[New LWP 1515471]
[New LWP 1515472]
[New LWP 1515473]
[New LWP 1515474]
[New LWP 1515475]
[New LWP 1515476]
[New LWP 1515477]
[New LWP 1515478]
[New LWP 1515479]
[Thread debugging using libthread_db enabled]
Using host libthread_db library "/lib64/libthread_db.so.1".
0x00007f787a5cf3b7 in epoll_wait (epfd=10, events=0x7ffcbb4bdec0, 
    maxevents=512, timeout=5000) at ../sysdeps/unix/sysv/linux/epoll_wait.c:30
30	  return SYSCALL_CANCEL (epoll_wait, epfd, events, maxevents, timeout);
Breakpoint 1 at 0x7f787c77720e: file /home/cubrid/dev/cubrid-workmem/src/query/list_file.c, line 3257.
[New Thread 0x7f7787400700 (LWP 1517141)]
[New Thread 0x7f7787e00700 (LWP 1517142)]
[New Thread 0x7f7790c00700 (LWP 1517143)]
[New Thread 0x7f7791600700 (LWP 1517144)]
[New Thread 0x7f785b000700 (LWP 1517145)]
[New Thread 0x7f785a600700 (LWP 1517146)]
[New Thread 0x7f7859c00700 (LWP 1517147)]
[New Thread 0x7f7859200700 (LWP 1517148)]
[New Thread 0x7f7857e00700 (LWP 1517149)]
[Switching to Thread 0x7f7787400700 (LWP 1517141)]

Thread 32 "transaction" hit Breakpoint 1, qfile_backing_guard (list_id=0x7f785001d160, mechanism=QFILE_BACKING_OLD, file=0x7f787d007210 "/home/cubrid/dev/cubrid-workmem/src/query/list_file.c", line=8446) at /home/cubrid/dev/cubrid-workmem/src/query/list_file.c:3257
3257	  er_set (ER_ERROR_SEVERITY, file, line, ER_QPROC_INVALID_XASLNODE, 0);
=== GUARD VIOLATION HIT ===
$1 = QFILE_BACKING_OLD
$2 = {type_list = {domp = 0x7f77d8002f20, type_cnt = 2}, sort_list = 0x0, tuple_cnt = 59986052, page_cnt = 147390, first_vpid_ = {pageid = -1, volid = -1}, last_vpid_ = {pageid = -1, volid = -1}, last_pgptr = 0x0, last_offset = -1, lasttpl_len = 0, query_id = 1, temp_vfid = {fileid = -1, volid = -1}, tfile_vfid_ = 0x0, tpl_descr = {item = 0x0, item_size = 0, tpl_size = 0, f_cnt = 0, f_valp = 0x0, sortkey_info = 0x0, sort_rec = 0x0, tplrec1 = 0x0, tplrec2 = 0x0, merge_info = 0x0}, is_domain_resolved = false, is_result_cached = false, dependent_list_id_ = 0x0, tapeset_ = 0x7f77d807ef10, owns_tapeset_ = true, new_contains_overflow_ = false, backing_kind_ = QFILE_BACKING_NEW, producer_writer_ = 0x0, producer_page_ = 0x0}
#0  qfile_backing_guard (list_id=0x7f785001d160, mechanism=QFILE_BACKING_OLD, file=0x7f787d007210 "/home/cubrid/dev/cubrid-workmem/src/query/list_file.c", line=8446) at /home/cubrid/dev/cubrid-workmem/src/query/list_file.c:3257
#1  0x00007f787c7810ac in qfile_open_list_sector_scan (thread_p=0x7f787db26388, list_id=0x7f785001d160, sector_scan=0x7f77873fe530) at /home/cubrid/dev/cubrid-workmem/src/query/list_file.c:8446
#2  0x00007f787cbb1a1f in parallel_query::hash_join::probe_execute (thread_ref=..., manager=0x7f77873fe730) at /home/cubrid/dev/cubrid-workmem/src/query/parallel/px_hash_join/px_hash_join.cpp:514
#3  0x00007f787c7ade45 in hjoin_probe (thread_p=0x7f787db26388, manager=0x7f77873fe730, context=0x7f77873fe770) at /home/cubrid/dev/cubrid-workmem/src/query/query_hash_join.c:3339
#4  0x00007f787c7a6ed5 in hjoin_execute_internal (thread_p=0x7f787db26388, manager=0x7f77873fe730, context=0x7f77873fe770) at /home/cubrid/dev/cubrid-workmem/src/query/query_hash_join.c:644
#5  0x00007f787c7a6619 in hjoin_execute (thread_p=0x7f787db26388, manager=0x7f77873fe730, context=0x7f77873fe770) at /home/cubrid/dev/cubrid-workmem/src/query/query_hash_join.c:422
#6  0x00007f787c7a5f04 in qexec_hash_join (thread_p=0x7f787db26388, xasl=0x7f785001a130, query_id=1, val_descr=0x7f77873ff250) at /home/cubrid/dev/cubrid-workmem/src/query/query_hash_join.c:194
#7  0x00007f787c7e73bb in qexec_end_mainblock_iterations (thread_p=0x7f787db26388, xasl=0x7f785001a130, xasl_state=0x7f77873ff250, tplrec=0x7f77873febe0) at /home/cubrid/dev/cubrid-workmem/src/query/query_executor.c:15032
#8  0x00007f787c7ea280 in qexec_execute_mainblock_internal (thread_p=0x7f787db26388, xasl=0x7f785001a130, xasl_state=0x7f77873ff250, p_class_instance_lock_info=0x0) at /home/cubrid/dev/cubrid-workmem/src/query/query_executor.c:16309
#9  0x00007f787c7e79ea in qexec_execute_mainblock (thread_p=0x7f787db26388, xasl=0x7f785001a130, xstate=0x7f77873ff250, p_class_instance_lock_info=0x0) at /home/cubrid/dev/cubrid-workmem/src/query/query_executor.c:15255
#10 0x00007f787c7e8fd6 in qexec_execute_mainblock_internal (thread_p=0x7f787db26388, xasl=0x7f78500190c0, xasl_state=0x7f77873ff250, p_class_instance_lock_info=0x0) at /home/cubrid/dev/cubrid-workmem/src/query/query_executor.c:15852
#11 0x00007f787c7e79ea in qexec_execute_mainblock (thread_p=0x7f787db26388, xasl=0x7f78500190c0, xstate=0x7f77873ff250, p_class_instance_lock_info=0x0) at /home/cubrid/dev/cubrid-workmem/src/query/query_executor.c:15255
#12 0x00007f787c7eb0c4 in qexec_execute_query (thread_p=0x7f787db26388, xasl=0x7f78500190c0, dbval_cnt=1, dbval_ptr=0x36e07610, query_id=1) at /home/cubrid/dev/cubrid-workmem/src/query/query_executor.c:16783
#13 0x00007f787c809568 in qmgr_process_query (thread_p=0x7f787db26388, xasl_tree=0x7f78500190c0, xasl_stream=0x0, xasl_stream_size=0, dbval_count=1, dbvals_p=0x36e07610, flag=114688, query_p=0x7f7850011f20, tran_entry_p=0x3767da48) at /home/cubrid/dev/cubrid-workmem/src/query/query_manager.c:1480
#14 0x00007f787c809fa7 in xqmgr_execute_query (thread_p=0x7f787db26388, xasl_id_p=0x7f77873ff880, query_id_p=0x7f77873ff868, dbval_count=1, dbval_p=0x7f77873ff5e0, flag_p=0x7f77873ff854, client_cache_time_p=0x7f77873ff808, server_cache_time_p=0x7f77873ff800, query_timeout=0, ret_cache_entry_p=0x7f77873ff7f0) at /home/cubrid/dev/cubrid-workmem/src/query/query_manager.c:1836
#15 0x00007f787c5abd81 in sqmgr_execute_query (thread_p=0x7f787db26388, rid=65605, request=0x7f7879553800 "\330\332\320\343|\337\316\357\364\020h\310e(\203\202\212ӅSjD\254\065", reqlen=64) at /home/cubrid/dev/cubrid-workmem/src/communication/network_interface_sr.cpp:5545
#16 0x00007f787c5cf448 in net_server_request (thread_p=0x7f787db26388, rid=65605, request=100, size=64, buffer=0x7f7879553800 "\330\332\320\343|\337\316\357\364\020h\310e(\203\202\212ӅSjD\254\065") at /home/cubrid/dev/cubrid-workmem/src/communication/network_sr.c:901
#17 0x00007f787c62d56c in css_internal_request_handler (thread_ref=..., conn_ref=...) at /home/cubrid/dev/cubrid-workmem/src/connection/server_support.c:487
#18 0x00007f787c6319ae in css_server_task::execute (this=0x7f7850017260, thread_ref=...) at /home/cubrid/dev/cubrid-workmem/src/connection/server_support.c:2414
#19 0x00007f787c640f15 in cubthread::worker_pool_impl<true>::wrapped_task::execute (this=0x6c95c238, thread_ref=...) at /home/cubrid/dev/cubrid-workmem/src/thread/thread_worker_pool_impl.hpp:1648
#20 0x00007f787c640167 in cubthread::worker_pool_impl<true>::core_impl::worker_impl::execute_current_task (this=0x6c95c220) at /home/cubrid/dev/cubrid-workmem/src/thread/thread_worker_pool_impl.hpp:1484
#21 0x00007f787c63f739 in cubthread::worker_pool_impl<true>::core_impl::worker_impl::run (this=0x6c95c220) at /home/cubrid/dev/cubrid-workmem/src/thread/thread_worker_pool_impl.hpp:1418
#22 0x00007f787c640830 in std::__invoke_impl<void, void (cubthread::worker_pool_impl<true>::core_impl::worker_impl::*)(), cubthread::worker_pool_impl<true>::core_impl::worker_impl*> (__f=@0x7f777c003860: (void (cubthread::worker_pool_impl<true>::core_impl::worker_impl::*)(cubthread::worker_pool_impl<true>::core_impl::worker_impl * const)) 0x7f787c63f642 <cubthread::worker_pool_impl<true>::core_impl::worker_impl::run()>, __t=@0x7f777c003858: 0x6c95c220) at /usr/include/c++/8/bits/invoke.h:73
#23 0x00007f787c63f7a5 in std::__invoke<void (cubthread::worker_pool_impl<true>::core_impl::worker_impl::*)(), cubthread::worker_pool_impl<true>::core_impl::worker_impl*> (__fn=@0x7f777c003860: (void (cubthread::worker_pool_impl<true>::core_impl::worker_impl::*)(cubthread::worker_pool_impl<true>::core_impl::worker_impl * const)) 0x7f787c63f642 <cubthread::worker_pool_impl<true>::core_impl::worker_impl::run()>) at /usr/include/c++/8/bits/invoke.h:95
#24 0x00007f787c64305d in std::thread::_Invoker<std::tuple<void (cubthread::worker_pool_impl<true>::core_impl::worker_impl::*)(), cubthread::worker_pool_impl<true>::core_impl::worker_impl*> >::_M_invoke<0ul, 1ul> (this=0x7f777c003858) at /usr/include/c++/8/thread:244
#25 0x00007f787c642fa6 in std::thread::_Invoker<std::tuple<void (cubthread::worker_pool_impl<true>::core_impl::worker_impl::*)(), cubthread::worker_pool_impl<true>::core_impl::worker_impl*> >::operator() (this=0x7f777c003858) at /usr/include/c++/8/thread:253
#26 0x00007f787c642dd0 in std::thread::_State_impl<std::thread::_Invoker<std::tuple<void (cubthread::worker_pool_impl<true>::core_impl::worker_impl::*)(), cubthread::worker_pool_impl<true>::core_impl::worker_impl*> > >::_M_run (this=0x7f777c003850) at /usr/include/c++/8/thread:196
#27 0x00007f787cf67593 in execute_native_thread_routine () from /home/cubrid/debug/CUBRID-11.5.develop/lib/libcubrid.so.11.5
#28 0x00007f787bbe81ca in start_thread (arg=<optimized out>) at pthread_create.c:479
#29 0x00007f787a4c9953 in clone () at ../sysdeps/unix/sysv/linux/x86_64/clone.S:95
=== END ===
[Inferior 1 (process 1515141) detached]
