
=== Query Trace ===

trace on text


=== <Result of SELECT Command in Line 2> ===

              count(*)
======================
                200360

1 row selected. (4.887000 sec) Committed. (0.000000 sec) 

=== Auto Trace ===

Query Plan:
  HASH JOIN (inner join)
    INDEX SCAN (o.pk_orders_o_orderkey) (key range: (o.o_orderkey< ?:0 ), covered: true)
    TABLE SCAN (l)

  rewritten query: select /*+ USE_HASH(o, l) PARALLEL(8) */ count(*) from [dba.orders] o, [dba.lineitem] l where o.o_orderkey=l.l_orderkey and (o.o_orderkey< ?:0 )

Trace Statistics:
  SELECT (time: 4878, fetch: 761873, fetch_time: 7982, ioread: 761863)
    SCAN (temp time: 11, fetch: 0, ioread: 0, readrows: 200360, rows: 200360)
      HASHJOIN (time: 4861, fetch: 761873, fetch_time: 7982, ioread: 761863)
        BUILD (time: 12, fetch: 0, ioread: 0, rows: 49999, method: memory)
        PROBE (time: 665, fetch: 0, ioread: 0, readrows: 59986052, readkeys: 200360, rows: 200360)
              (parallel workers: 8, time: 663..665, readrows: 7267392..7632064, readkeys: 21032..29746, rows: 21032..29746)
        SUBQUERY (uncorrelated)
                 (parallel workers: 2, time: 4071, fetch: 761873, fetch_time: 7982, ioread: 761863)
          SELECT (time: 32, fetch: 59, fetch_time: 2, ioread: 54)
            SCAN (index: dba.orders.pk_orders_o_orderkey), (btree time: 16, fetch: 54, ioread: 53, readkeys: 50000, filteredkeys: 49999, rows: 49999, covered: true)
          SELECT (time: 4071, fetch: 761814, fetch_time: 7980, ioread: 761809)
            SCAN (table: dba.lineitem), (heap time: 4065, fetch: 761806, ioread: 761802, readrows: 59986052, rows: 59986052)
                 (parallel workers: 7, heap time: 3951..4065, readrows: 8528145..8577550, rows: 8528145..8577550, gather: mergeable list)


=== <Result of SELECT Command in Line 3> ===

              count(*)
======================
                200360

1 row selected. (29.309999 sec) Committed. (0.000000 sec) 

=== Auto Trace ===

Trace Statistics:
  SELECT (time: 29307, fetch: 761867, fetch_time: 5250, ioread: 761857)
    SCAN (temp time: 7, fetch: 0, ioread: 0, readrows: 200360, rows: 200360)
      HASHJOIN (time: 29290, fetch: 761877, fetch_time: 5250, ioread: 761858)
        BUILD (time: 14, fetch: 0, ioread: 0, rows: 49999, method: memory)
        PROBE (time: 37, fetch: 0, ioread: 0, readrows: 209198, readkeys: 200360, rows: 200360)
              (parallel workers: 8, time: 0..37, readrows: 0..209198, readkeys: 0..200360, rows: 0..200360)
        SUBQUERY (uncorrelated)
                 (parallel workers: 2, time: 29055, fetch: 761867, fetch_time: 5250, ioread: 761857)
          SELECT (time: 7, fetch: 64, fetch_time: 1, ioread: 55)
            SCAN (index: dba.orders.pk_orders_o_orderkey), (btree time: 7, fetch: 62, ioread: 54, readkeys: 50001, filteredkeys: 49999, rows: 49999, covered: true)
                 (parallel workers: 7, index time: 7..7, readkeys: 3860..8505, filteredkeys: 3860..8504, rows: 3860..8504, covered: true, gather: mergeable list)
          SELECT (time: 29055, fetch: 761803, fetch_time: 5249, ioread: 761802)
            SCAN (table: dba.lineitem), (heap time: 16904, fetch: 761802, ioread: 761802, readrows: 59986052, rows: 59986052)


=== <Result of SELECT Command in Line 4> ===

              count(*)
======================
                200360

1 row selected. (4.764000 sec) Committed. (0.000000 sec) 

=== Auto Trace ===

Trace Statistics:
  SELECT (time: 4763, fetch: 761865, fetch_time: 6710, ioread: 761462)
    SCAN (temp time: 9, fetch: 0, ioread: 0, readrows: 200360, rows: 200360)
      HASHJOIN (time: 4745, fetch: 761875, fetch_time: 6710, ioread: 761463)
        BUILD (time: 10, fetch: 0, ioread: 0, rows: 49999, method: memory)
        PROBE (time: 653, fetch: 0, ioread: 0, readrows: 59986052, readkeys: 200360, rows: 200360)
              (parallel workers: 8, time: 651..653, readrows: 6935780..7605511, readkeys: 17247..33683, rows: 17247..33683)
        SUBQUERY (uncorrelated)
                 (parallel workers: 2, time: 3985, fetch: 761865, fetch_time: 6710, ioread: 761462)
          SELECT (time: 28, fetch: 55, fetch_time: 1, ioread: 55)
            SCAN (index: dba.orders.pk_orders_o_orderkey), (btree time: 15, fetch: 54, ioread: 54, readkeys: 50000, filteredkeys: 49999, rows: 49999, covered: true)
          SELECT (time: 3985, fetch: 761810, fetch_time: 6709, ioread: 761407)
            SCAN (table: dba.lineitem), (heap time: 3985, fetch: 761802, ioread: 761401, readrows: 59986052, rows: 59986052)
                 (parallel workers: 7, heap time: 3751..3985, readrows: 8528145..8577550, rows: 8528145..8577550, gather: mergeable list)


=== <Result of SELECT Command in Line 5> ===

              count(*)
======================
               2000495

1 row selected. (42.740998 sec) Committed. (0.000000 sec) 

=== Auto Trace ===

Trace Statistics:
  SELECT (time: 42738, fetch: 762333, fetch_time: 5076, ioread: 762035)
    SCAN (temp time: 87, fetch: 0, ioread: 0, readrows: 2000495, rows: 2000495)
      HASHJOIN (time: 42539, fetch: 762343, fetch_time: 5077, ioread: 762036)
        SPLIT (time: 9651, fetch: 0, ioread: 0, partitions: 5)
        BUILD (time: 102, fetch: 0, ioread: 0, rows: 499999, method: memory)
        PROBE (time: 3246, fetch: 0, ioread: 0, readrows: 59986052, readkeys: 2000495, rows: 2000495)
        SUBQUERY (uncorrelated)
                 (parallel workers: 2, time: 28903, fetch: 762333, fetch_time: 5076, ioread: 762035)
          SELECT (time: 32, fetch: 530, fetch_time: 8, ioread: 521)
            SCAN (index: dba.orders.pk_orders_o_orderkey), (btree time: 32, fetch: 528, ioread: 520, readkeys: 500000, filteredkeys: 499999, rows: 499999, covered: true)
                 (parallel workers: 7, index time: 31..31, readkeys: 63690..74305, filteredkeys: 63690..74305, rows: 63690..74305, covered: true, gather: mergeable list)
          SELECT (time: 28903, fetch: 761803, fetch_time: 5068, ioread: 761514)
            SCAN (table: dba.lineitem), (heap time: 16730, fetch: 761802, ioread: 761514, readrows: 59986052, rows: 59986052)


=== <Result of SELECT Command in Line 6> ===

              count(*)
======================
               2000495

1 row selected. (44.354999 sec) Committed. (0.000000 sec) 

=== Auto Trace ===

Query Plan:
  HASH JOIN (inner join)
    INDEX SCAN (o.pk_orders_o_orderkey) (key range: (o.o_orderkey< ?:0 ), covered: true)
    TABLE SCAN (l)

  rewritten query: select /*+ USE_HASH(o, l) PARALLEL(1) */ count(*) from [dba.orders] o, [dba.lineitem] l where o.o_orderkey=l.l_orderkey and (o.o_orderkey< ?:0 )

Trace Statistics:
  SELECT (time: 44352, fetch: 762325, fetch_time: 3505, ioread: 729583)
    SCAN (temp time: 91, fetch: 0, ioread: 0, readrows: 2000495, rows: 2000495)
      HASHJOIN (time: 44156, fetch: 762325, fetch_time: 3505, ioread: 729583)
        SPLIT (time: 9862, fetch: 0, ioread: 0, partitions: 5)
        BUILD (time: 87, fetch: 0, ioread: 0, rows: 499999, method: memory)
        PROBE (time: 2830, fetch: 0, ioread: 0, readrows: 59986052, readkeys: 2000495, rows: 2000495)
        SUBQUERY (uncorrelated)
          SELECT (time: 249, fetch: 522, fetch_time: 1, ioread: 521)
            SCAN (index: dba.orders.pk_orders_o_orderkey), (btree time: 167, fetch: 521, ioread: 520, readkeys: 500000, filteredkeys: 499999, rows: 499999, covered: true)
          SELECT (time: 30539, fetch: 761803, fetch_time: 3504, ioread: 729062)
            SCAN (table: dba.lineitem), (heap time: 16874, fetch: 761802, ioread: 729062, readrows: 59986052, rows: 59986052)

