
=== Query Trace ===

trace on text


=== <Result of SELECT Command in Line 2> ===

              count(*)
======================
                200360

1 row selected. (9.031000 sec) Committed. (0.000000 sec) 

=== Auto Trace ===

Query Plan:
  HASH JOIN (inner join)
    INDEX SCAN (o.pk_orders_o_orderkey) (key range: (o.o_orderkey< ?:0 ), covered: true)
    TABLE SCAN (l)

  rewritten query: select /*+ USE_HASH(o, l) PARALLEL(8) */ count(*) from [dba.orders] o, [dba.lineitem] l where o.o_orderkey=l.l_orderkey and (o.o_orderkey< ?:0 )

Trace Statistics:
  SELECT (time: 9028, fetch: 761873, fetch_time: 7937, ioread: 761863)
    SCAN (temp time: 7, fetch: 0, ioread: 0, readrows: 200360, rows: 200360)
      HASHJOIN (time: 9010, fetch: 761873, fetch_time: 7937, ioread: 761863)
        BUILD (time: 11, fetch: 0, ioread: 0, rows: 49999, method: memory)
        PROBE (time: 4776, fetch: 0, ioread: 0, readrows: 59986052, readkeys: 200360, rows: 200360)
        SUBQUERY (uncorrelated)
                 (parallel workers: 2, time: 4132, fetch: 761873, fetch_time: 7937, ioread: 761863)
          SELECT (time: 31, fetch: 59, fetch_time: 1, ioread: 54)
            SCAN (index: dba.orders.pk_orders_o_orderkey), (btree time: 15, fetch: 54, ioread: 53, readkeys: 50000, filteredkeys: 49999, rows: 49999, covered: true)
          SELECT (time: 4132, fetch: 761814, fetch_time: 7936, ioread: 761809)
            SCAN (table: dba.lineitem), (heap time: 4127, fetch: 761806, ioread: 761802, readrows: 59986052, rows: 59986052)
                 (parallel workers: 7, heap time: 3837..4127, readrows: 8528145..8577550, rows: 8528145..8577550, gather: mergeable list)


=== <Result of SELECT Command in Line 3> ===

              count(*)
======================
               2000495

1 row selected. (39.769998 sec) Committed. (0.000000 sec) 

=== Auto Trace ===

Trace Statistics:
  SELECT (time: 39769, fetch: 762335, fetch_time: 4913, ioread: 762326)
    SCAN (temp time: 92, fetch: 0, ioread: 0, readrows: 2000495, rows: 2000495)
      HASHJOIN (time: 39569, fetch: 762345, fetch_time: 4913, ioread: 762327)
        SPLIT (time: 9673, fetch: 0, ioread: 0, partitions: 5)
        BUILD (time: 87, fetch: 0, ioread: 0, rows: 499999, method: memory)
        PROBE (time: 2920, fetch: 0, ioread: 0, readrows: 59986052, readkeys: 2000495, rows: 2000495)
        SUBQUERY (uncorrelated)
                 (parallel workers: 2, time: 26155, fetch: 762335, fetch_time: 4913, ioread: 762326)
          SELECT (time: 43, fetch: 532, fetch_time: 15, ioread: 524)
            SCAN (index: dba.orders.pk_orders_o_orderkey), (btree time: 43, fetch: 530, ioread: 523, readkeys: 500002, filteredkeys: 499999, rows: 499999, covered: true)
                 (parallel workers: 7, index time: 41..42, readkeys: 65620..77200, filteredkeys: 65620..77200, rows: 65620..77200, covered: true, gather: mergeable list)
          SELECT (time: 26155, fetch: 761803, fetch_time: 4898, ioread: 761802)
            SCAN (table: dba.lineitem), (heap time: 14586, fetch: 761802, ioread: 761802, readrows: 59986052, rows: 59986052)

